{"C:\\AmirProjects\\AmirWeb\\Amir_Shop\\server\\src\\db\\models\\category.model.ts":{"path":"C:\\AmirProjects\\AmirWeb\\Amir_Shop\\server\\src\\db\\models\\category.model.ts","statementMap":{"0":{"start":{"line":2,"column":19},"end":{"line":8,"column":1}},"1":{"start":{"line":3,"column":4},"end":{"line":3,"column":42}},"2":{"start":{"line":3,"column":31},"end":{"line":3,"column":42}},"3":{"start":{"line":4,"column":17},"end":{"line":4,"column":19}},"4":{"start":{"line":5,"column":4},"end":{"line":5,"column":99}},"5":{"start":{"line":5,"column":21},"end":{"line":5,"column":99}},"6":{"start":{"line":5,"column":40},"end":{"line":5,"column":99}},"7":{"start":{"line":5,"column":80},"end":{"line":5,"column":99}},"8":{"start":{"line":6,"column":4},"end":{"line":6,"column":28}},"9":{"start":{"line":7,"column":4},"end":{"line":7,"column":18}},"10":{"start":{"line":9,"column":0},"end":{"line":9,"column":62}},"11":{"start":{"line":10,"column":17},"end":{"line":10,"column":50}},"12":{"start":{"line":11,"column":12},"end":{"line":11,"column":40}},"13":{"start":{"line":12,"column":21},"end":{"line":18,"column":2}},"14":{"start":{"line":19,"column":0},"end":{"line":19,"column":71}},"15":{"start":{"line":21,"column":17},"end":{"line":23,"column":5}},"16":{"start":{"line":24,"column":4},"end":{"line":24,"column":44}},"17":{"start":{"line":26,"column":0},"end":{"line":26,"column":44}}},"fnMap":{"0":{"name":"(anonymous_0)","decl":{"start":{"line":2,"column":50},"end":{"line":2,"column":51}},"loc":{"start":{"line":2,"column":65},"end":{"line":8,"column":1}},"line":2},"1":{"name":"validateCategory","decl":{"start":{"line":20,"column":9},"end":{"line":20,"column":25}},"loc":{"start":{"line":20,"column":36},"end":{"line":25,"column":1}},"line":20}},"branchMap":{"0":{"loc":{"start":{"line":2,"column":19},"end":{"line":8,"column":1}},"type":"binary-expr","locations":[{"start":{"line":2,"column":20},"end":{"line":2,"column":24}},{"start":{"line":2,"column":28},"end":{"line":2,"column":45}},{"start":{"line":2,"column":50},"end":{"line":8,"column":1}}],"line":2},"1":{"loc":{"start":{"line":3,"column":4},"end":{"line":3,"column":42}},"type":"if","locations":[{"start":{"line":3,"column":4},"end":{"line":3,"column":42}},{"start":{"line":3,"column":4},"end":{"line":3,"column":42}}],"line":3},"2":{"loc":{"start":{"line":3,"column":8},"end":{"line":3,"column":29}},"type":"binary-expr","locations":[{"start":{"line":3,"column":8},"end":{"line":3,"column":11}},{"start":{"line":3,"column":15},"end":{"line":3,"column":29}}],"line":3},"3":{"loc":{"start":{"line":5,"column":4},"end":{"line":5,"column":99}},"type":"if","locations":[{"start":{"line":5,"column":4},"end":{"line":5,"column":99}},{"start":{"line":5,"column":4},"end":{"line":5,"column":99}}],"line":5},"4":{"loc":{"start":{"line":5,"column":40},"end":{"line":5,"column":99}},"type":"if","locations":[{"start":{"line":5,"column":40},"end":{"line":5,"column":99}},{"start":{"line":5,"column":40},"end":{"line":5,"column":99}}],"line":5}},"s":{"0":1,"1":2,"2":0,"3":2,"4":2,"5":2,"6":101,"7":54,"8":2,"9":2,"10":1,"11":1,"12":1,"13":1,"14":1,"15":3,"16":3,"17":1},"f":{"0":2,"1":3},"b":{"0":[1,1,1],"1":[0,2],"2":[2,2],"3":[2,0],"4":[54,47]},"inputSourceMap":{"version":3,"file":"C:/AmirProjects/AmirWeb/Amir_Shop/server/src/db/models/category.model.ts","sources":["C:/AmirProjects/AmirWeb/Amir_Shop/server/src/db/models/category.model.ts"],"names":[],"mappings":";;;;;;;;;AAAA,mDAAsD;AACtD,yCAAoC;AAQpC,IAAM,cAAc,GAAW,IAAI,iBAAM,CAAC;IACtC,aAAa,EAAE;QACX,IAAI,EAAE,iBAAM,CAAC,KAAK,CAAC,MAAM;QACzB,QAAQ,EAAE,IAAI;QACd,MAAM,EAAE,IAAI;KACf;CACJ,CAAC,CAAA;AAEF,kBAAe,kBAAQ,CAAC,KAAK,CAAY,UAAU,EAAE,cAAc,CAAC,CAAC;AAErE,SAAgB,gBAAgB,CAAC,QAAuB;IACpD,IAAM,MAAM,GAAG;QACX,aAAa,EAAE,aAAG,CAAC,MAAM,EAAE,CAAC,QAAQ,EAAE,CAAC,GAAG,CAAC,CAAC,CAAC,CAAC,GAAG,CAAC,EAAE,CAAC;KACxD,CAAA;IACD,OAAO,cAAQ,CAAC,QAAQ,EAAE,MAAM,CAAC,CAAC;AACtC,CAAC;AALD,4CAKC","sourcesContent":["import mongoose, { Document, Schema } from \"mongoose\";\r\nimport Joi, { validate } from \"joi\";\r\n\r\nexport interface ICategory extends Document {\r\n    category_name: string;\r\n}\r\nexport interface ICategoryInput {\r\n    category_name: string;\r\n}\r\nconst CategorySchema: Schema = new Schema({\r\n    category_name: {\r\n        type: Schema.Types.String,\r\n        required: true,\r\n        unique: true\r\n    }\r\n})\r\n\r\nexport default mongoose.model<ICategory>(\"Category\", CategorySchema);\r\n\r\nexport function validateCategory(category:ICategoryInput) {\r\n    const schema = {\r\n        category_name: Joi.string().required().min(3).max(50)\r\n    }\r\n    return validate(category, schema);\r\n}"]},"_coverageSchema":"1a1c01bbd47fc00a2c39e90264f33305004495a9","hash":"e3eafa9fbd61c900e3a7958ed747d21dd46cd91f","contentHash":"35d133166473a9bbe86dae067577184a146c3b8674187685d86ca238f088da3d"},"C:\\AmirProjects\\AmirWeb\\Amir_Shop\\server\\src\\common\\HTTP_Enum.ts":{"path":"C:\\AmirProjects\\AmirWeb\\Amir_Shop\\server\\src\\common\\HTTP_Enum.ts","statementMap":{"0":{"start":{"line":2,"column":0},"end":{"line":2,"column":62}},"1":{"start":{"line":4,"column":0},"end":{"line":13,"column":38}},"2":{"start":{"line":5,"column":4},"end":{"line":5,"column":60}},"3":{"start":{"line":6,"column":4},"end":{"line":6,"column":48}},"4":{"start":{"line":7,"column":4},"end":{"line":7,"column":66}},"5":{"start":{"line":8,"column":4},"end":{"line":8,"column":68}},"6":{"start":{"line":9,"column":4},"end":{"line":9,"column":76}},"7":{"start":{"line":10,"column":4},"end":{"line":10,"column":62}},"8":{"start":{"line":11,"column":4},"end":{"line":11,"column":62}},"9":{"start":{"line":12,"column":4},"end":{"line":12,"column":86}},"10":{"start":{"line":14,"column":0},"end":{"line":14,"column":30}}},"fnMap":{"0":{"name":"(anonymous_0)","decl":{"start":{"line":4,"column":1},"end":{"line":4,"column":2}},"loc":{"start":{"line":4,"column":24},"end":{"line":13,"column":1}},"line":4}},"branchMap":{"0":{"loc":{"start":{"line":13,"column":3},"end":{"line":13,"column":36}},"type":"binary-expr","locations":[{"start":{"line":13,"column":3},"end":{"line":13,"column":14}},{"start":{"line":13,"column":19},"end":{"line":13,"column":35}}],"line":13}},"s":{"0":1,"1":1,"2":1,"3":1,"4":1,"5":1,"6":1,"7":1,"8":1,"9":1,"10":1},"f":{"0":1},"b":{"0":[1,1]},"inputSourceMap":{"version":3,"file":"C:/AmirProjects/AmirWeb/Amir_Shop/server/src/common/HTTP_Enum.ts","sources":["C:/AmirProjects/AmirWeb/Amir_Shop/server/src/common/HTTP_Enum.ts"],"names":[],"mappings":";;AAAA,IAAK,WASJ;AATD,WAAK,WAAW;IACZ,uDAAc,CAAA;IACd,2CAAQ,CAAA;IACR,6DAAiB,CAAA;IACjB,+DAAkB,CAAA;IAClB,uEAAsB,CAAA;IACtB,yDAAe,CAAA;IACf,yDAAe,CAAA;IACf,iFAA2B,CAAA;AAC/B,CAAC,EATI,WAAW,KAAX,WAAW,QASf;AACD,kBAAe,WAAW,CAAC","sourcesContent":["enum HTTP_STATUS {\r\n    CONTINUE = 100,\r\n    OK = 200,\r\n    BAD_REQUEST = 400,\r\n    UNAUTHORIZED = 401,\r\n    PAYMENT_REQUIRED = 402,\r\n    FORBIDDEN = 403,\r\n    NOT_FOUND = 404,\r\n    INTERNAL_SERVER_ERROR = 500\r\n}\r\nexport default HTTP_STATUS;"]},"_coverageSchema":"1a1c01bbd47fc00a2c39e90264f33305004495a9","hash":"91f83e0102bdeea1089c9acf7735d415d0a3e291","contentHash":"0226eba0fcf44fb0e0ada98e5957df970ecb3508d245336c4dd891d11c73be58"},"C:\\AmirProjects\\AmirWeb\\Amir_Shop\\server\\src\\db\\index.ts":{"path":"C:\\AmirProjects\\AmirWeb\\Amir_Shop\\server\\src\\db\\index.ts","statementMap":{"0":{"start":{"line":2,"column":22},"end":{"line":4,"column":1}},"1":{"start":{"line":3,"column":4},"end":{"line":3,"column":62}},"2":{"start":{"line":5,"column":0},"end":{"line":5,"column":62}},"3":{"start":{"line":6,"column":19},"end":{"line":6,"column":67}},"4":{"start":{"line":7,"column":21},"end":{"line":7,"column":71}},"5":{"start":{"line":8,"column":17},"end":{"line":8,"column":41}},"6":{"start":{"line":9,"column":0},"end":{"line":12,"column":2}}},"fnMap":{"0":{"name":"(anonymous_0)","decl":{"start":{"line":2,"column":56},"end":{"line":2,"column":57}},"loc":{"start":{"line":2,"column":71},"end":{"line":4,"column":1}},"line":2}},"branchMap":{"0":{"loc":{"start":{"line":2,"column":22},"end":{"line":4,"column":1}},"type":"binary-expr","locations":[{"start":{"line":2,"column":23},"end":{"line":2,"column":27}},{"start":{"line":2,"column":31},"end":{"line":2,"column":51}},{"start":{"line":2,"column":56},"end":{"line":4,"column":1}}],"line":2},"1":{"loc":{"start":{"line":3,"column":11},"end":{"line":3,"column":61}},"type":"cond-expr","locations":[{"start":{"line":3,"column":37},"end":{"line":3,"column":40}},{"start":{"line":3,"column":43},"end":{"line":3,"column":61}}],"line":3},"2":{"loc":{"start":{"line":3,"column":12},"end":{"line":3,"column":33}},"type":"binary-expr","locations":[{"start":{"line":3,"column":12},"end":{"line":3,"column":15}},{"start":{"line":3,"column":19},"end":{"line":3,"column":33}}],"line":3}},"s":{"0":1,"1":2,"2":1,"3":1,"4":1,"5":1,"6":1},"f":{"0":2},"b":{"0":[1,1,1],"1":[2,0],"2":[2,2]},"inputSourceMap":{"version":3,"file":"C:/AmirProjects/AmirWeb/Amir_Shop/server/src/db/index.ts","sources":["C:/AmirProjects/AmirWeb/Amir_Shop/server/src/db/index.ts"],"names":[],"mappings":";;;;;AAAA,oEAA4C;AAC5C,wEAAkD;AAGlD,IAAM,UAAU,GAAG,sBAAY,EAAE,CAAC;AAGlC,kBAAc;IACV,QAAQ,sBAAA;IACR,UAAU,YAAA;CACb,CAAA","sourcesContent":["import Services from \"./startup/dbServices\";\r\nimport dbConnection from './startup/dbconnection';\r\n\r\n\r\nconst connection = dbConnection();\r\n\r\n\r\nexport default{\r\n    Services,\r\n    connection\r\n}"]},"_coverageSchema":"1a1c01bbd47fc00a2c39e90264f33305004495a9","hash":"6ad5787d00c91b08c13d68dec4fc583c8d0cc917","contentHash":"4e06d702d0f5fc424128b85d64d1179acf94ac78bcc009f5b400fb87b2b2778e"},"C:\\AmirProjects\\AmirWeb\\Amir_Shop\\server\\src\\db\\startup\\dbServices.ts":{"path":"C:\\AmirProjects\\AmirWeb\\Amir_Shop\\server\\src\\db\\startup\\dbServices.ts","statementMap":{"0":{"start":{"line":2,"column":22},"end":{"line":4,"column":1}},"1":{"start":{"line":3,"column":4},"end":{"line":3,"column":62}},"2":{"start":{"line":5,"column":0},"end":{"line":5,"column":62}},"3":{"start":{"line":6,"column":17},"end":{"line":6,"column":65}},"4":{"start":{"line":7,"column":13},"end":{"line":7,"column":57}},"5":{"start":{"line":8,"column":16},"end":{"line":8,"column":63}},"6":{"start":{"line":9,"column":16},"end":{"line":9,"column":63}},"7":{"start":{"line":10,"column":22},"end":{"line":10,"column":75}},"8":{"start":{"line":11,"column":16},"end":{"line":11,"column":63}},"9":{"start":{"line":12,"column":13},"end":{"line":12,"column":57}},"10":{"start":{"line":13,"column":0},"end":{"line":21,"column":2}}},"fnMap":{"0":{"name":"(anonymous_0)","decl":{"start":{"line":2,"column":56},"end":{"line":2,"column":57}},"loc":{"start":{"line":2,"column":71},"end":{"line":4,"column":1}},"line":2}},"branchMap":{"0":{"loc":{"start":{"line":2,"column":22},"end":{"line":4,"column":1}},"type":"binary-expr","locations":[{"start":{"line":2,"column":23},"end":{"line":2,"column":27}},{"start":{"line":2,"column":31},"end":{"line":2,"column":51}},{"start":{"line":2,"column":56},"end":{"line":4,"column":1}}],"line":2},"1":{"loc":{"start":{"line":3,"column":11},"end":{"line":3,"column":61}},"type":"cond-expr","locations":[{"start":{"line":3,"column":37},"end":{"line":3,"column":40}},{"start":{"line":3,"column":43},"end":{"line":3,"column":61}}],"line":3},"2":{"loc":{"start":{"line":3,"column":12},"end":{"line":3,"column":33}},"type":"binary-expr","locations":[{"start":{"line":3,"column":12},"end":{"line":3,"column":15}},{"start":{"line":3,"column":19},"end":{"line":3,"column":33}}],"line":3}},"s":{"0":1,"1":7,"2":1,"3":1,"4":1,"5":1,"6":1,"7":1,"8":1,"9":1,"10":1},"f":{"0":7},"b":{"0":[1,1,1],"1":[7,0],"2":[7,7]},"inputSourceMap":{"version":3,"file":"C:/AmirProjects/AmirWeb/Amir_Shop/server/src/db/startup/dbServices.ts","sources":["C:/AmirProjects/AmirWeb/Amir_Shop/server/src/db/startup/dbServices.ts"],"names":[],"mappings":";;;;;AAAA,kEAAmD;AACnD,0DAA2C;AAC3C,gEAAiD;AACjD,gEAAiD;AACjD,4EAA6D;AAC7D,gEAAiD;AACjD,0DAA2C;AAC3C,kBAAe;IACX,eAAe,oBAAA;IACf,WAAW,gBAAA;IACX,cAAc,mBAAA;IACd,cAAc,mBAAA;IACd,oBAAoB,yBAAA;IACpB,cAAc,mBAAA;IACd,WAAW,gBAAA;CAEd,CAAA","sourcesContent":["import CategoryService from '../services/category';\r\nimport UserService from '../services/user';\r\nimport ProductService from '../services/product';\r\nimport CommentService from \"../services/comment\";\r\nimport PaymentMethodService from '../services/paymentMethod';\r\nimport PaymentService from \"../services/payment\";\r\nimport CartService from \"../services/cart\";\r\nexport default {\r\n    CategoryService,\r\n    UserService,\r\n    ProductService,\r\n    CommentService,\r\n    PaymentMethodService,\r\n    PaymentService,\r\n    CartService,\r\n\r\n}"]},"_coverageSchema":"1a1c01bbd47fc00a2c39e90264f33305004495a9","hash":"e61d9def2b1bd03dae817314522a3606217497cd","contentHash":"4284f5b645e79ecdbbcdd1284da681daeb5f5c83688d5267fe9d7698187005f6"},"C:\\AmirProjects\\AmirWeb\\Amir_Shop\\server\\src\\db\\services\\category.ts":{"path":"C:\\AmirProjects\\AmirWeb\\Amir_Shop\\server\\src\\db\\services\\category.ts","statementMap":{"0":{"start":{"line":2,"column":16},"end":{"line":14,"column":4}},"1":{"start":{"line":3,"column":24},"end":{"line":8,"column":5}},"2":{"start":{"line":4,"column":8},"end":{"line":6,"column":87}},"3":{"start":{"line":5,"column":69},"end":{"line":5,"column":85}},"4":{"start":{"line":6,"column":30},"end":{"line":6,"column":84}},"5":{"start":{"line":6,"column":47},"end":{"line":6,"column":84}},"6":{"start":{"line":6,"column":72},"end":{"line":6,"column":84}},"7":{"start":{"line":7,"column":8},"end":{"line":7,"column":35}},"8":{"start":{"line":9,"column":4},"end":{"line":13,"column":6}},"9":{"start":{"line":10,"column":8},"end":{"line":10,"column":28}},"10":{"start":{"line":11,"column":24},"end":{"line":11,"column":45}},"11":{"start":{"line":12,"column":8},"end":{"line":12,"column":93}},"12":{"start":{"line":15,"column":16},"end":{"line":23,"column":1}},"13":{"start":{"line":16,"column":28},"end":{"line":16,"column":110}},"14":{"start":{"line":16,"column":91},"end":{"line":16,"column":106}},"15":{"start":{"line":17,"column":4},"end":{"line":22,"column":7}},"16":{"start":{"line":18,"column":36},"end":{"line":18,"column":97}},"17":{"start":{"line":18,"column":42},"end":{"line":18,"column":70}},"18":{"start":{"line":18,"column":85},"end":{"line":18,"column":95}},"19":{"start":{"line":19,"column":35},"end":{"line":19,"column":100}},"20":{"start":{"line":19,"column":41},"end":{"line":19,"column":73}},"21":{"start":{"line":19,"column":88},"end":{"line":19,"column":98}},"22":{"start":{"line":20,"column":32},"end":{"line":20,"column":116}},"23":{"start":{"line":21,"column":8},"end":{"line":21,"column":78}},"24":{"start":{"line":24,"column":18},"end":{"line":50,"column":1}},"25":{"start":{"line":25,"column":12},"end":{"line":25,"column":104}},"26":{"start":{"line":25,"column":43},"end":{"line":25,"column":68}},"27":{"start":{"line":25,"column":57},"end":{"line":25,"column":68}},"28":{"start":{"line":25,"column":69},"end":{"line":25,"column":81}},"29":{"start":{"line":26,"column":4},"end":{"line":26,"column":157}},"30":{"start":{"line":26,"column":138},"end":{"line":26,"column":150}},"31":{"start":{"line":27,"column":23},"end":{"line":27,"column":68}},"32":{"start":{"line":27,"column":45},"end":{"line":27,"column":65}},"33":{"start":{"line":29,"column":8},"end":{"line":29,"column":70}},"34":{"start":{"line":29,"column":15},"end":{"line":29,"column":70}},"35":{"start":{"line":30,"column":8},"end":{"line":47,"column":66}},"36":{"start":{"line":30,"column":18},"end":{"line":47,"column":66}},"37":{"start":{"line":31,"column":12},"end":{"line":31,"column":169}},"38":{"start":{"line":31,"column":160},"end":{"line":31,"column":169}},"39":{"start":{"line":32,"column":12},"end":{"line":32,"column":52}},"40":{"start":{"line":32,"column":26},"end":{"line":32,"column":52}},"41":{"start":{"line":33,"column":12},"end":{"line":45,"column":13}},"42":{"start":{"line":34,"column":32},"end":{"line":34,"column":39}},"43":{"start":{"line":34,"column":40},"end":{"line":34,"column":46}},"44":{"start":{"line":35,"column":24},"end":{"line":35,"column":34}},"45":{"start":{"line":35,"column":35},"end":{"line":35,"column":72}},"46":{"start":{"line":36,"column":24},"end":{"line":36,"column":34}},"47":{"start":{"line":36,"column":35},"end":{"line":36,"column":45}},"48":{"start":{"line":36,"column":46},"end":{"line":36,"column":55}},"49":{"start":{"line":36,"column":56},"end":{"line":36,"column":65}},"50":{"start":{"line":37,"column":24},"end":{"line":37,"column":41}},"51":{"start":{"line":37,"column":42},"end":{"line":37,"column":55}},"52":{"start":{"line":37,"column":56},"end":{"line":37,"column":65}},"53":{"start":{"line":39,"column":20},"end":{"line":39,"column":128}},"54":{"start":{"line":39,"column":110},"end":{"line":39,"column":116}},"55":{"start":{"line":39,"column":117},"end":{"line":39,"column":126}},"56":{"start":{"line":40,"column":20},"end":{"line":40,"column":106}},"57":{"start":{"line":40,"column":81},"end":{"line":40,"column":97}},"58":{"start":{"line":40,"column":98},"end":{"line":40,"column":104}},"59":{"start":{"line":41,"column":20},"end":{"line":41,"column":89}},"60":{"start":{"line":41,"column":57},"end":{"line":41,"column":72}},"61":{"start":{"line":41,"column":73},"end":{"line":41,"column":80}},"62":{"start":{"line":41,"column":81},"end":{"line":41,"column":87}},"63":{"start":{"line":42,"column":20},"end":{"line":42,"column":87}},"64":{"start":{"line":42,"column":47},"end":{"line":42,"column":62}},"65":{"start":{"line":42,"column":63},"end":{"line":42,"column":78}},"66":{"start":{"line":42,"column":79},"end":{"line":42,"column":85}},"67":{"start":{"line":43,"column":20},"end":{"line":43,"column":42}},"68":{"start":{"line":43,"column":30},"end":{"line":43,"column":42}},"69":{"start":{"line":44,"column":20},"end":{"line":44,"column":33}},"70":{"start":{"line":44,"column":34},"end":{"line":44,"column":43}},"71":{"start":{"line":46,"column":12},"end":{"line":46,"column":39}},"72":{"start":{"line":47,"column":22},"end":{"line":47,"column":34}},"73":{"start":{"line":47,"column":35},"end":{"line":47,"column":41}},"74":{"start":{"line":47,"column":54},"end":{"line":47,"column":64}},"75":{"start":{"line":48,"column":8},"end":{"line":48,"column":35}},"76":{"start":{"line":48,"column":23},"end":{"line":48,"column":35}},"77":{"start":{"line":48,"column":36},"end":{"line":48,"column":89}},"78":{"start":{"line":51,"column":19},"end":{"line":57,"column":1}},"79":{"start":{"line":52,"column":4},"end":{"line":52,"column":42}},"80":{"start":{"line":52,"column":31},"end":{"line":52,"column":42}},"81":{"start":{"line":53,"column":17},"end":{"line":53,"column":19}},"82":{"start":{"line":54,"column":4},"end":{"line":54,"column":99}},"83":{"start":{"line":54,"column":21},"end":{"line":54,"column":99}},"84":{"start":{"line":54,"column":40},"end":{"line":54,"column":99}},"85":{"start":{"line":54,"column":80},"end":{"line":54,"column":99}},"86":{"start":{"line":55,"column":4},"end":{"line":55,"column":28}},"87":{"start":{"line":56,"column":4},"end":{"line":56,"column":18}},"88":{"start":{"line":58,"column":22},"end":{"line":60,"column":1}},"89":{"start":{"line":59,"column":4},"end":{"line":59,"column":62}},"90":{"start":{"line":61,"column":0},"end":{"line":61,"column":62}},"91":{"start":{"line":62,"column":23},"end":{"line":62,"column":72}},"92":{"start":{"line":63,"column":18},"end":{"line":63,"column":68}},"93":{"start":{"line":64,"column":23},"end":{"line":64,"column":67}},"94":{"start":{"line":65,"column":9},"end":{"line":65,"column":31}},"95":{"start":{"line":65,"column":47},"end":{"line":65,"column":78}},"96":{"start":{"line":65,"column":91},"end":{"line":65,"column":119}},"97":{"start":{"line":65,"column":145},"end":{"line":65,"column":186}},"98":{"start":{"line":65,"column":200},"end":{"line":65,"column":229}},"99":{"start":{"line":66,"column":37},"end":{"line":200,"column":27}},"100":{"start":{"line":67,"column":4},"end":{"line":67,"column":39}},"101":{"start":{"line":69,"column":8},"end":{"line":69,"column":72}},"102":{"start":{"line":71,"column":4},"end":{"line":113,"column":6}},"103":{"start":{"line":72,"column":8},"end":{"line":112,"column":11}},"104":{"start":{"line":74,"column":12},"end":{"line":111,"column":15}},"105":{"start":{"line":75,"column":16},"end":{"line":110,"column":17}},"106":{"start":{"line":77,"column":24},"end":{"line":77,"column":55}},"107":{"start":{"line":78,"column":24},"end":{"line":78,"column":37}},"108":{"start":{"line":79,"column":24},"end":{"line":79,"column":37}},"109":{"start":{"line":81,"column":24},"end":{"line":81,"column":50}},"110":{"start":{"line":82,"column":24},"end":{"line":82,"column":82}},"111":{"start":{"line":83,"column":24},"end":{"line":86,"column":25}},"112":{"start":{"line":84,"column":28},"end":{"line":84,"column":49}},"113":{"start":{"line":85,"column":28},"end":{"line":85,"column":70}},"114":{"start":{"line":87,"column":24},"end":{"line":87,"column":122}},"115":{"start":{"line":89,"column":24},"end":{"line":89,"column":53}},"116":{"start":{"line":90,"column":24},"end":{"line":93,"column":25}},"117":{"start":{"line":91,"column":28},"end":{"line":91,"column":49}},"118":{"start":{"line":92,"column":28},"end":{"line":92,"column":71}},"119":{"start":{"line":94,"column":24},"end":{"line":94,"column":88}},"120":{"start":{"line":96,"column":24},"end":{"line":96,"column":53}},"121":{"start":{"line":97,"column":24},"end":{"line":98,"column":92}},"122":{"start":{"line":98,"column":28},"end":{"line":98,"column":92}},"123":{"start":{"line":99,"column":24},"end":{"line":99,"column":36}},"124":{"start":{"line":100,"column":24},"end":{"line":100,"column":60}},"125":{"start":{"line":101,"column":24},"end":{"line":101,"column":48}},"126":{"start":{"line":103,"column":24},"end":{"line":103,"column":41}},"127":{"start":{"line":104,"column":24},"end":{"line":104,"column":47}},"128":{"start":{"line":105,"column":24},"end":{"line":105,"column":48}},"129":{"start":{"line":106,"column":28},"end":{"line":109,"column":27}},"130":{"start":{"line":114,"column":4},"end":{"line":123,"column":6}},"131":{"start":{"line":115,"column":8},"end":{"line":122,"column":11}},"132":{"start":{"line":116,"column":12},"end":{"line":121,"column":15}},"133":{"start":{"line":117,"column":16},"end":{"line":120,"column":17}},"134":{"start":{"line":118,"column":28},"end":{"line":118,"column":82}},"135":{"start":{"line":119,"column":28},"end":{"line":119,"column":61}},"136":{"start":{"line":124,"column":4},"end":{"line":161,"column":6}},"137":{"start":{"line":125,"column":8},"end":{"line":160,"column":11}},"138":{"start":{"line":127,"column":12},"end":{"line":159,"column":15}},"139":{"start":{"line":128,"column":16},"end":{"line":158,"column":17}},"140":{"start":{"line":130,"column":24},"end":{"line":130,"column":55}},"141":{"start":{"line":131,"column":24},"end":{"line":131,"column":37}},"142":{"start":{"line":132,"column":24},"end":{"line":132,"column":37}},"143":{"start":{"line":134,"column":24},"end":{"line":134,"column":50}},"144":{"start":{"line":135,"column":24},"end":{"line":135,"column":73}},"145":{"start":{"line":137,"column":24},"end":{"line":137,"column":115}},"146":{"start":{"line":138,"column":24},"end":{"line":141,"column":25}},"147":{"start":{"line":139,"column":28},"end":{"line":139,"column":49}},"148":{"start":{"line":140,"column":28},"end":{"line":140,"column":58}},"149":{"start":{"line":142,"column":24},"end":{"line":142,"column":36}},"150":{"start":{"line":143,"column":24},"end":{"line":143,"column":49}},"151":{"start":{"line":144,"column":24},"end":{"line":144,"column":59}},"152":{"start":{"line":145,"column":24},"end":{"line":149,"column":31}},"153":{"start":{"line":151,"column":24},"end":{"line":151,"column":41}},"154":{"start":{"line":152,"column":24},"end":{"line":152,"column":47}},"155":{"start":{"line":153,"column":24},"end":{"line":153,"column":48}},"156":{"start":{"line":154,"column":28},"end":{"line":157,"column":27}},"157":{"start":{"line":162,"column":4},"end":{"line":198,"column":6}},"158":{"start":{"line":163,"column":8},"end":{"line":197,"column":11}},"159":{"start":{"line":165,"column":12},"end":{"line":196,"column":15}},"160":{"start":{"line":166,"column":16},"end":{"line":195,"column":17}},"161":{"start":{"line":168,"column":24},"end":{"line":168,"column":55}},"162":{"start":{"line":169,"column":24},"end":{"line":169,"column":37}},"163":{"start":{"line":170,"column":24},"end":{"line":170,"column":37}},"164":{"start":{"line":172,"column":24},"end":{"line":172,"column":50}},"165":{"start":{"line":173,"column":24},"end":{"line":176,"column":25}},"166":{"start":{"line":174,"column":28},"end":{"line":174,"column":49}},"167":{"start":{"line":175,"column":28},"end":{"line":175,"column":71}},"168":{"start":{"line":177,"column":24},"end":{"line":177,"column":95}},"169":{"start":{"line":179,"column":24},"end":{"line":179,"column":48}},"170":{"start":{"line":180,"column":24},"end":{"line":183,"column":25}},"171":{"start":{"line":181,"column":28},"end":{"line":181,"column":47}},"172":{"start":{"line":182,"column":28},"end":{"line":182,"column":71}},"173":{"start":{"line":184,"column":24},"end":{"line":184,"column":36}},"174":{"start":{"line":185,"column":24},"end":{"line":185,"column":51}},"175":{"start":{"line":186,"column":24},"end":{"line":186,"column":48}},"176":{"start":{"line":188,"column":24},"end":{"line":188,"column":41}},"177":{"start":{"line":189,"column":24},"end":{"line":189,"column":47}},"178":{"start":{"line":190,"column":24},"end":{"line":190,"column":48}},"179":{"start":{"line":191,"column":28},"end":{"line":194,"column":27}},"180":{"start":{"line":199,"column":4},"end":{"line":199,"column":27}},"181":{"start":{"line":201,"column":0},"end":{"line":201,"column":34}}},"fnMap":{"0":{"name":"(anonymous_0)","decl":{"start":{"line":2,"column":45},"end":{"line":2,"column":46}},"loc":{"start":{"line":2,"column":57},"end":{"line":14,"column":1}},"line":2},"1":{"name":"(anonymous_1)","decl":{"start":{"line":3,"column":24},"end":{"line":3,"column":25}},"loc":{"start":{"line":3,"column":40},"end":{"line":8,"column":5}},"line":3},"2":{"name":"(anonymous_2)","decl":{"start":{"line":5,"column":51},"end":{"line":5,"column":52}},"loc":{"start":{"line":5,"column":67},"end":{"line":5,"column":87}},"line":5},"3":{"name":"(anonymous_3)","decl":{"start":{"line":6,"column":12},"end":{"line":6,"column":13}},"loc":{"start":{"line":6,"column":28},"end":{"line":6,"column":86}},"line":6},"4":{"name":"(anonymous_4)","decl":{"start":{"line":9,"column":11},"end":{"line":9,"column":12}},"loc":{"start":{"line":9,"column":27},"end":{"line":13,"column":5}},"line":9},"5":{"name":"__","decl":{"start":{"line":11,"column":17},"end":{"line":11,"column":19}},"loc":{"start":{"line":11,"column":22},"end":{"line":11,"column":47}},"line":11},"6":{"name":"(anonymous_6)","decl":{"start":{"line":15,"column":44},"end":{"line":15,"column":45}},"loc":{"start":{"line":15,"column":89},"end":{"line":23,"column":1}},"line":15},"7":{"name":"adopt","decl":{"start":{"line":16,"column":13},"end":{"line":16,"column":18}},"loc":{"start":{"line":16,"column":26},"end":{"line":16,"column":112}},"line":16},"8":{"name":"(anonymous_8)","decl":{"start":{"line":16,"column":70},"end":{"line":16,"column":71}},"loc":{"start":{"line":16,"column":89},"end":{"line":16,"column":108}},"line":16},"9":{"name":"(anonymous_9)","decl":{"start":{"line":17,"column":36},"end":{"line":17,"column":37}},"loc":{"start":{"line":17,"column":63},"end":{"line":22,"column":5}},"line":17},"10":{"name":"fulfilled","decl":{"start":{"line":18,"column":17},"end":{"line":18,"column":26}},"loc":{"start":{"line":18,"column":34},"end":{"line":18,"column":99}},"line":18},"11":{"name":"rejected","decl":{"start":{"line":19,"column":17},"end":{"line":19,"column":25}},"loc":{"start":{"line":19,"column":33},"end":{"line":19,"column":102}},"line":19},"12":{"name":"step","decl":{"start":{"line":20,"column":17},"end":{"line":20,"column":21}},"loc":{"start":{"line":20,"column":30},"end":{"line":20,"column":118}},"line":20},"13":{"name":"(anonymous_13)","decl":{"start":{"line":24,"column":48},"end":{"line":24,"column":49}},"loc":{"start":{"line":24,"column":73},"end":{"line":50,"column":1}},"line":24},"14":{"name":"(anonymous_14)","decl":{"start":{"line":25,"column":30},"end":{"line":25,"column":31}},"loc":{"start":{"line":25,"column":41},"end":{"line":25,"column":83}},"line":25},"15":{"name":"(anonymous_15)","decl":{"start":{"line":26,"column":125},"end":{"line":26,"column":126}},"loc":{"start":{"line":26,"column":136},"end":{"line":26,"column":152}},"line":26},"16":{"name":"verb","decl":{"start":{"line":27,"column":13},"end":{"line":27,"column":17}},"loc":{"start":{"line":27,"column":21},"end":{"line":27,"column":70}},"line":27},"17":{"name":"(anonymous_17)","decl":{"start":{"line":27,"column":30},"end":{"line":27,"column":31}},"loc":{"start":{"line":27,"column":43},"end":{"line":27,"column":67}},"line":27},"18":{"name":"step","decl":{"start":{"line":28,"column":13},"end":{"line":28,"column":17}},"loc":{"start":{"line":28,"column":22},"end":{"line":49,"column":5}},"line":28},"19":{"name":"(anonymous_19)","decl":{"start":{"line":51,"column":50},"end":{"line":51,"column":51}},"loc":{"start":{"line":51,"column":65},"end":{"line":57,"column":1}},"line":51},"20":{"name":"(anonymous_20)","decl":{"start":{"line":58,"column":56},"end":{"line":58,"column":57}},"loc":{"start":{"line":58,"column":71},"end":{"line":60,"column":1}},"line":58},"21":{"name":"(anonymous_21)","decl":{"start":{"line":66,"column":37},"end":{"line":66,"column":38}},"loc":{"start":{"line":66,"column":55},"end":{"line":200,"column":1}},"line":66},"22":{"name":"CategoryService","decl":{"start":{"line":68,"column":13},"end":{"line":68,"column":28}},"loc":{"start":{"line":68,"column":31},"end":{"line":70,"column":5}},"line":68},"23":{"name":"(anonymous_23)","decl":{"start":{"line":71,"column":34},"end":{"line":71,"column":35}},"loc":{"start":{"line":71,"column":54},"end":{"line":113,"column":5}},"line":71},"24":{"name":"(anonymous_24)","decl":{"start":{"line":72,"column":47},"end":{"line":72,"column":48}},"loc":{"start":{"line":72,"column":59},"end":{"line":112,"column":9}},"line":72},"25":{"name":"(anonymous_25)","decl":{"start":{"line":74,"column":37},"end":{"line":74,"column":38}},"loc":{"start":{"line":74,"column":51},"end":{"line":111,"column":13}},"line":74},"26":{"name":"(anonymous_26)","decl":{"start":{"line":114,"column":39},"end":{"line":114,"column":40}},"loc":{"start":{"line":114,"column":51},"end":{"line":123,"column":5}},"line":114},"27":{"name":"(anonymous_27)","decl":{"start":{"line":115,"column":47},"end":{"line":115,"column":48}},"loc":{"start":{"line":115,"column":59},"end":{"line":122,"column":9}},"line":115},"28":{"name":"(anonymous_28)","decl":{"start":{"line":116,"column":37},"end":{"line":116,"column":38}},"loc":{"start":{"line":116,"column":51},"end":{"line":121,"column":13}},"line":116},"29":{"name":"(anonymous_29)","decl":{"start":{"line":124,"column":38},"end":{"line":124,"column":39}},"loc":{"start":{"line":124,"column":53},"end":{"line":161,"column":5}},"line":124},"30":{"name":"(anonymous_30)","decl":{"start":{"line":125,"column":47},"end":{"line":125,"column":48}},"loc":{"start":{"line":125,"column":59},"end":{"line":160,"column":9}},"line":125},"31":{"name":"(anonymous_31)","decl":{"start":{"line":127,"column":37},"end":{"line":127,"column":38}},"loc":{"start":{"line":127,"column":51},"end":{"line":159,"column":13}},"line":127},"32":{"name":"(anonymous_32)","decl":{"start":{"line":162,"column":37},"end":{"line":162,"column":38}},"loc":{"start":{"line":162,"column":52},"end":{"line":198,"column":5}},"line":162},"33":{"name":"(anonymous_33)","decl":{"start":{"line":163,"column":47},"end":{"line":163,"column":48}},"loc":{"start":{"line":163,"column":59},"end":{"line":197,"column":9}},"line":163},"34":{"name":"(anonymous_34)","decl":{"start":{"line":165,"column":37},"end":{"line":165,"column":38}},"loc":{"start":{"line":165,"column":51},"end":{"line":196,"column":13}},"line":165}},"branchMap":{"0":{"loc":{"start":{"line":2,"column":16},"end":{"line":14,"column":4}},"type":"binary-expr","locations":[{"start":{"line":2,"column":17},"end":{"line":2,"column":21}},{"start":{"line":2,"column":25},"end":{"line":2,"column":39}},{"start":{"line":2,"column":44},"end":{"line":14,"column":4}}],"line":2},"1":{"loc":{"start":{"line":4,"column":24},"end":{"line":6,"column":86}},"type":"binary-expr","locations":[{"start":{"line":4,"column":24},"end":{"line":4,"column":45}},{"start":{"line":5,"column":13},"end":{"line":5,"column":47}},{"start":{"line":5,"column":51},"end":{"line":5,"column":87}},{"start":{"line":6,"column":12},"end":{"line":6,"column":86}}],"line":4},"2":{"loc":{"start":{"line":6,"column":47},"end":{"line":6,"column":84}},"type":"if","locations":[{"start":{"line":6,"column":47},"end":{"line":6,"column":84}},{"start":{"line":6,"column":47},"end":{"line":6,"column":84}}],"line":6},"3":{"loc":{"start":{"line":12,"column":22},"end":{"line":12,"column":92}},"type":"cond-expr","locations":[{"start":{"line":12,"column":35},"end":{"line":12,"column":51}},{"start":{"line":12,"column":55},"end":{"line":12,"column":91}}],"line":12},"4":{"loc":{"start":{"line":15,"column":16},"end":{"line":23,"column":1}},"type":"binary-expr","locations":[{"start":{"line":15,"column":17},"end":{"line":15,"column":21}},{"start":{"line":15,"column":25},"end":{"line":15,"column":39}},{"start":{"line":15,"column":44},"end":{"line":23,"column":1}}],"line":15},"5":{"loc":{"start":{"line":16,"column":35},"end":{"line":16,"column":109}},"type":"cond-expr","locations":[{"start":{"line":16,"column":56},"end":{"line":16,"column":61}},{"start":{"line":16,"column":64},"end":{"line":16,"column":109}}],"line":16},"6":{"loc":{"start":{"line":17,"column":16},"end":{"line":17,"column":34}},"type":"binary-expr","locations":[{"start":{"line":17,"column":16},"end":{"line":17,"column":17}},{"start":{"line":17,"column":22},"end":{"line":17,"column":33}}],"line":17},"7":{"loc":{"start":{"line":20,"column":32},"end":{"line":20,"column":115}},"type":"cond-expr","locations":[{"start":{"line":20,"column":46},"end":{"line":20,"column":67}},{"start":{"line":20,"column":70},"end":{"line":20,"column":115}}],"line":20},"8":{"loc":{"start":{"line":21,"column":51},"end":{"line":21,"column":67}},"type":"binary-expr","locations":[{"start":{"line":21,"column":51},"end":{"line":21,"column":61}},{"start":{"line":21,"column":65},"end":{"line":21,"column":67}}],"line":21},"9":{"loc":{"start":{"line":24,"column":18},"end":{"line":50,"column":1}},"type":"binary-expr","locations":[{"start":{"line":24,"column":19},"end":{"line":24,"column":23}},{"start":{"line":24,"column":27},"end":{"line":24,"column":43}},{"start":{"line":24,"column":48},"end":{"line":50,"column":1}}],"line":24},"10":{"loc":{"start":{"line":25,"column":43},"end":{"line":25,"column":68}},"type":"if","locations":[{"start":{"line":25,"column":43},"end":{"line":25,"column":68}},{"start":{"line":25,"column":43},"end":{"line":25,"column":68}}],"line":25},"11":{"loc":{"start":{"line":26,"column":71},"end":{"line":26,"column":153}},"type":"binary-expr","locations":[{"start":{"line":26,"column":71},"end":{"line":26,"column":99}},{"start":{"line":26,"column":104},"end":{"line":26,"column":152}}],"line":26},"12":{"loc":{"start":{"line":29,"column":8},"end":{"line":29,"column":70}},"type":"if","locations":[{"start":{"line":29,"column":8},"end":{"line":29,"column":70}},{"start":{"line":29,"column":8},"end":{"line":29,"column":70}}],"line":29},"13":{"loc":{"start":{"line":31,"column":12},"end":{"line":31,"column":169}},"type":"if","locations":[{"start":{"line":31,"column":12},"end":{"line":31,"column":169}},{"start":{"line":31,"column":12},"end":{"line":31,"column":169}}],"line":31},"14":{"loc":{"start":{"line":31,"column":23},"end":{"line":31,"column":158}},"type":"binary-expr","locations":[{"start":{"line":31,"column":23},"end":{"line":31,"column":24}},{"start":{"line":31,"column":29},"end":{"line":31,"column":125}},{"start":{"line":31,"column":130},"end":{"line":31,"column":158}}],"line":31},"15":{"loc":{"start":{"line":31,"column":33},"end":{"line":31,"column":125}},"type":"cond-expr","locations":[{"start":{"line":31,"column":45},"end":{"line":31,"column":56}},{"start":{"line":31,"column":59},"end":{"line":31,"column":125}}],"line":31},"16":{"loc":{"start":{"line":31,"column":59},"end":{"line":31,"column":125}},"type":"cond-expr","locations":[{"start":{"line":31,"column":67},"end":{"line":31,"column":116}},{"start":{"line":31,"column":119},"end":{"line":31,"column":125}}],"line":31},"17":{"loc":{"start":{"line":31,"column":67},"end":{"line":31,"column":116}},"type":"binary-expr","locations":[{"start":{"line":31,"column":67},"end":{"line":31,"column":77}},{"start":{"line":31,"column":82},"end":{"line":31,"column":115}}],"line":31},"18":{"loc":{"start":{"line":31,"column":82},"end":{"line":31,"column":112}},"type":"binary-expr","locations":[{"start":{"line":31,"column":83},"end":{"line":31,"column":98}},{"start":{"line":31,"column":103},"end":{"line":31,"column":112}}],"line":31},"19":{"loc":{"start":{"line":32,"column":12},"end":{"line":32,"column":52}},"type":"if","locations":[{"start":{"line":32,"column":12},"end":{"line":32,"column":52}},{"start":{"line":32,"column":12},"end":{"line":32,"column":52}}],"line":32},"20":{"loc":{"start":{"line":33,"column":12},"end":{"line":45,"column":13}},"type":"switch","locations":[{"start":{"line":34,"column":16},"end":{"line":34,"column":23}},{"start":{"line":34,"column":24},"end":{"line":34,"column":46}},{"start":{"line":35,"column":16},"end":{"line":35,"column":72}},{"start":{"line":36,"column":16},"end":{"line":36,"column":65}},{"start":{"line":37,"column":16},"end":{"line":37,"column":65}},{"start":{"line":38,"column":16},"end":{"line":44,"column":43}}],"line":33},"21":{"loc":{"start":{"line":39,"column":20},"end":{"line":39,"column":128}},"type":"if","locations":[{"start":{"line":39,"column":20},"end":{"line":39,"column":128}},{"start":{"line":39,"column":20},"end":{"line":39,"column":128}}],"line":39},"22":{"loc":{"start":{"line":39,"column":24},"end":{"line":39,"column":106}},"type":"binary-expr","locations":[{"start":{"line":39,"column":24},"end":{"line":39,"column":74}},{"start":{"line":39,"column":79},"end":{"line":39,"column":90}},{"start":{"line":39,"column":94},"end":{"line":39,"column":105}}],"line":39},"23":{"loc":{"start":{"line":39,"column":42},"end":{"line":39,"column":73}},"type":"binary-expr","locations":[{"start":{"line":39,"column":42},"end":{"line":39,"column":54}},{"start":{"line":39,"column":58},"end":{"line":39,"column":73}}],"line":39},"24":{"loc":{"start":{"line":40,"column":20},"end":{"line":40,"column":106}},"type":"if","locations":[{"start":{"line":40,"column":20},"end":{"line":40,"column":106}},{"start":{"line":40,"column":20},"end":{"line":40,"column":106}}],"line":40},"25":{"loc":{"start":{"line":40,"column":24},"end":{"line":40,"column":77}},"type":"binary-expr","locations":[{"start":{"line":40,"column":24},"end":{"line":40,"column":35}},{"start":{"line":40,"column":40},"end":{"line":40,"column":42}},{"start":{"line":40,"column":47},"end":{"line":40,"column":59}},{"start":{"line":40,"column":63},"end":{"line":40,"column":75}}],"line":40},"26":{"loc":{"start":{"line":41,"column":20},"end":{"line":41,"column":89}},"type":"if","locations":[{"start":{"line":41,"column":20},"end":{"line":41,"column":89}},{"start":{"line":41,"column":20},"end":{"line":41,"column":89}}],"line":41},"27":{"loc":{"start":{"line":41,"column":24},"end":{"line":41,"column":53}},"type":"binary-expr","locations":[{"start":{"line":41,"column":24},"end":{"line":41,"column":35}},{"start":{"line":41,"column":39},"end":{"line":41,"column":53}}],"line":41},"28":{"loc":{"start":{"line":42,"column":20},"end":{"line":42,"column":87}},"type":"if","locations":[{"start":{"line":42,"column":20},"end":{"line":42,"column":87}},{"start":{"line":42,"column":20},"end":{"line":42,"column":87}}],"line":42},"29":{"loc":{"start":{"line":42,"column":24},"end":{"line":42,"column":43}},"type":"binary-expr","locations":[{"start":{"line":42,"column":24},"end":{"line":42,"column":25}},{"start":{"line":42,"column":29},"end":{"line":42,"column":43}}],"line":42},"30":{"loc":{"start":{"line":43,"column":20},"end":{"line":43,"column":42}},"type":"if","locations":[{"start":{"line":43,"column":20},"end":{"line":43,"column":42}},{"start":{"line":43,"column":20},"end":{"line":43,"column":42}}],"line":43},"31":{"loc":{"start":{"line":48,"column":8},"end":{"line":48,"column":35}},"type":"if","locations":[{"start":{"line":48,"column":8},"end":{"line":48,"column":35}},{"start":{"line":48,"column":8},"end":{"line":48,"column":35}}],"line":48},"32":{"loc":{"start":{"line":48,"column":52},"end":{"line":48,"column":74}},"type":"cond-expr","locations":[{"start":{"line":48,"column":60},"end":{"line":48,"column":65}},{"start":{"line":48,"column":68},"end":{"line":48,"column":74}}],"line":48},"33":{"loc":{"start":{"line":51,"column":19},"end":{"line":57,"column":1}},"type":"binary-expr","locations":[{"start":{"line":51,"column":20},"end":{"line":51,"column":24}},{"start":{"line":51,"column":28},"end":{"line":51,"column":45}},{"start":{"line":51,"column":50},"end":{"line":57,"column":1}}],"line":51},"34":{"loc":{"start":{"line":52,"column":4},"end":{"line":52,"column":42}},"type":"if","locations":[{"start":{"line":52,"column":4},"end":{"line":52,"column":42}},{"start":{"line":52,"column":4},"end":{"line":52,"column":42}}],"line":52},"35":{"loc":{"start":{"line":52,"column":8},"end":{"line":52,"column":29}},"type":"binary-expr","locations":[{"start":{"line":52,"column":8},"end":{"line":52,"column":11}},{"start":{"line":52,"column":15},"end":{"line":52,"column":29}}],"line":52},"36":{"loc":{"start":{"line":54,"column":4},"end":{"line":54,"column":99}},"type":"if","locations":[{"start":{"line":54,"column":4},"end":{"line":54,"column":99}},{"start":{"line":54,"column":4},"end":{"line":54,"column":99}}],"line":54},"37":{"loc":{"start":{"line":54,"column":40},"end":{"line":54,"column":99}},"type":"if","locations":[{"start":{"line":54,"column":40},"end":{"line":54,"column":99}},{"start":{"line":54,"column":40},"end":{"line":54,"column":99}}],"line":54},"38":{"loc":{"start":{"line":58,"column":22},"end":{"line":60,"column":1}},"type":"binary-expr","locations":[{"start":{"line":58,"column":23},"end":{"line":58,"column":27}},{"start":{"line":58,"column":31},"end":{"line":58,"column":51}},{"start":{"line":58,"column":56},"end":{"line":60,"column":1}}],"line":58},"39":{"loc":{"start":{"line":59,"column":11},"end":{"line":59,"column":61}},"type":"cond-expr","locations":[{"start":{"line":59,"column":37},"end":{"line":59,"column":40}},{"start":{"line":59,"column":43},"end":{"line":59,"column":61}}],"line":59},"40":{"loc":{"start":{"line":59,"column":12},"end":{"line":59,"column":33}},"type":"binary-expr","locations":[{"start":{"line":59,"column":12},"end":{"line":59,"column":15}},{"start":{"line":59,"column":19},"end":{"line":59,"column":33}}],"line":59},"41":{"loc":{"start":{"line":69,"column":15},"end":{"line":69,"column":71}},"type":"binary-expr","locations":[{"start":{"line":69,"column":15},"end":{"line":69,"column":30}},{"start":{"line":69,"column":34},"end":{"line":69,"column":63}},{"start":{"line":69,"column":67},"end":{"line":69,"column":71}}],"line":69},"42":{"loc":{"start":{"line":75,"column":16},"end":{"line":110,"column":17}},"type":"switch","locations":[{"start":{"line":76,"column":20},"end":{"line":79,"column":37}},{"start":{"line":80,"column":20},"end":{"line":87,"column":122}},{"start":{"line":88,"column":20},"end":{"line":94,"column":88}},{"start":{"line":95,"column":20},"end":{"line":101,"column":48}},{"start":{"line":102,"column":20},"end":{"line":105,"column":48}},{"start":{"line":106,"column":20},"end":{"line":109,"column":27}}],"line":75},"43":{"loc":{"start":{"line":83,"column":24},"end":{"line":86,"column":25}},"type":"if","locations":[{"start":{"line":83,"column":24},"end":{"line":86,"column":25}},{"start":{"line":83,"column":24},"end":{"line":86,"column":25}}],"line":83},"44":{"loc":{"start":{"line":90,"column":24},"end":{"line":93,"column":25}},"type":"if","locations":[{"start":{"line":90,"column":24},"end":{"line":93,"column":25}},{"start":{"line":90,"column":24},"end":{"line":93,"column":25}}],"line":90},"45":{"loc":{"start":{"line":97,"column":24},"end":{"line":98,"column":92}},"type":"if","locations":[{"start":{"line":97,"column":24},"end":{"line":98,"column":92}},{"start":{"line":97,"column":24},"end":{"line":98,"column":92}}],"line":97},"46":{"loc":{"start":{"line":117,"column":16},"end":{"line":120,"column":17}},"type":"switch","locations":[{"start":{"line":118,"column":20},"end":{"line":118,"column":82}},{"start":{"line":119,"column":20},"end":{"line":119,"column":61}}],"line":117},"47":{"loc":{"start":{"line":128,"column":16},"end":{"line":158,"column":17}},"type":"switch","locations":[{"start":{"line":129,"column":20},"end":{"line":132,"column":37}},{"start":{"line":133,"column":20},"end":{"line":135,"column":73}},{"start":{"line":136,"column":20},"end":{"line":149,"column":31}},{"start":{"line":150,"column":20},"end":{"line":153,"column":48}},{"start":{"line":154,"column":20},"end":{"line":157,"column":27}}],"line":128},"48":{"loc":{"start":{"line":138,"column":24},"end":{"line":141,"column":25}},"type":"if","locations":[{"start":{"line":138,"column":24},"end":{"line":141,"column":25}},{"start":{"line":138,"column":24},"end":{"line":141,"column":25}}],"line":138},"49":{"loc":{"start":{"line":166,"column":16},"end":{"line":195,"column":17}},"type":"switch","locations":[{"start":{"line":167,"column":20},"end":{"line":170,"column":37}},{"start":{"line":171,"column":20},"end":{"line":177,"column":95}},{"start":{"line":178,"column":20},"end":{"line":186,"column":48}},{"start":{"line":187,"column":20},"end":{"line":190,"column":48}},{"start":{"line":191,"column":20},"end":{"line":194,"column":27}}],"line":166},"50":{"loc":{"start":{"line":173,"column":24},"end":{"line":176,"column":25}},"type":"if","locations":[{"start":{"line":173,"column":24},"end":{"line":176,"column":25}},{"start":{"line":173,"column":24},"end":{"line":176,"column":25}}],"line":173},"51":{"loc":{"start":{"line":180,"column":24},"end":{"line":183,"column":25}},"type":"if","locations":[{"start":{"line":180,"column":24},"end":{"line":183,"column":25}},{"start":{"line":180,"column":24},"end":{"line":183,"column":25}}],"line":180}},"s":{"0":1,"1":1,"2":1,"3":0,"4":0,"5":0,"6":0,"7":1,"8":1,"9":1,"10":1,"11":1,"12":1,"13":13,"14":6,"15":17,"16":13,"17":13,"18":0,"19":0,"20":0,"21":0,"22":30,"23":17,"24":1,"25":17,"26":23,"27":0,"28":23,"29":17,"30":0,"31":51,"32":30,"33":30,"34":0,"35":30,"36":99,"37":99,"38":0,"39":99,"40":0,"41":99,"42":30,"43":30,"44":13,"45":13,"46":0,"47":0,"48":0,"49":0,"50":0,"51":0,"52":0,"53":56,"54":17,"55":17,"56":39,"57":14,"58":14,"59":25,"60":10,"61":10,"62":10,"63":15,"64":0,"65":0,"66":0,"67":15,"68":0,"69":15,"70":15,"71":54,"72":10,"73":10,"74":99,"75":17,"76":0,"77":17,"78":1,"79":1,"80":1,"81":0,"82":0,"83":0,"84":0,"85":0,"86":0,"87":0,"88":1,"89":2,"90":1,"91":1,"92":1,"93":1,"94":1,"95":1,"96":1,"97":1,"98":1,"99":1,"100":1,"101":0,"102":1,"103":3,"104":3,"105":10,"106":3,"107":3,"108":3,"109":3,"110":3,"111":3,"112":2,"113":2,"114":1,"115":1,"116":1,"117":0,"118":0,"119":1,"120":1,"121":1,"122":0,"123":1,"124":1,"125":1,"126":2,"127":2,"128":2,"129":3,"130":1,"131":2,"132":2,"133":4,"134":2,"135":2,"136":1,"137":6,"138":6,"139":22,"140":6,"141":6,"142":6,"143":6,"144":6,"145":6,"146":6,"147":5,"148":5,"149":1,"150":1,"151":1,"152":1,"153":5,"154":5,"155":5,"156":5,"157":1,"158":6,"159":6,"160":18,"161":6,"162":6,"163":6,"164":6,"165":6,"166":3,"167":3,"168":3,"169":3,"170":3,"171":0,"172":0,"173":3,"174":3,"175":3,"176":3,"177":3,"178":3,"179":6,"180":1,"181":1},"f":{"0":1,"1":1,"2":0,"3":0,"4":1,"5":1,"6":17,"7":13,"8":6,"9":17,"10":13,"11":0,"12":30,"13":17,"14":23,"15":0,"16":51,"17":30,"18":30,"19":1,"20":2,"21":1,"22":0,"23":3,"24":3,"25":10,"26":2,"27":2,"28":4,"29":6,"30":6,"31":22,"32":6,"33":6,"34":18},"b":{"0":[1,1,1],"1":[1,0,0,0],"2":[0,0],"3":[0,1],"4":[1,1,1],"5":[7,6],"6":[17,17],"7":[17,13],"8":[17,17],"9":[1,1,1],"10":[0,23],"11":[17,17],"12":[0,30],"13":[0,99],"14":[99,0,0],"15":[0,0],"16":[0,0],"17":[0,0],"18":[0,0],"19":[0,99],"20":[30,30,13,0,0,56],"21":[17,39],"22":[56,31,31],"23":[56,25],"24":[14,25],"25":[39,28,14,14],"26":[10,15],"27":[25,10],"28":[0,15],"29":[15,15],"30":[0,15],"31":[0,17],"32":[17,0],"33":[1,1,1],"34":[1,0],"35":[1,1],"36":[0,0],"37":[0,0],"38":[1,1,1],"39":[2,0],"40":[2,2],"41":[0,0,0],"42":[3,3,1,1,2,3],"43":[2,1],"44":[0,1],"45":[0,1],"46":[2,2],"47":[6,6,6,5,5],"48":[5,1],"49":[6,6,3,3,6],"50":[3,3],"51":[0,3]},"inputSourceMap":{"version":3,"file":"C:/AmirProjects/AmirWeb/Amir_Shop/server/src/db/services/category.ts","sources":["C:/AmirProjects/AmirWeb/Amir_Shop/server/src/db/services/category.ts"],"names":[],"mappings":";;;;;;;;;;;;;;;;;;;;;;;;;;;;;;;;;;;;;;;;;;;;;;;;;;;;;;;;;;;;;AAAA,yEAAiG;AACjG,qEAAiD;AACjD,oEAA8C;AAEtC,IAAA,2BAAE,EAAE,6CAAW,EAAE,uCAAQ,EAAE,iEAAqB,EAAE,yCAAS,CAAiB;AACpF;IAA8B,mCAAc;IAA5C;;IA+EA,CAAC;IA9EuB,2BAAW,GAA/B,UAAgC,QAAwB;;;;;;wBAChD,MAAM,GAAgB,qBAAqB,CAAC;wBAC5C,OAAO,GAAG,EAAE,CAAC;;;;wBAEL,KAAK,GAAK,iCAAgB,CAAC,QAAQ,CAAC,MAA/B,CAAgC;wBAC7C,IAAI,KAAK,EAAE;4BACP,MAAM,GAAG,WAAW,CAAC;4BACrB,MAAM,IAAI,KAAK,CAAC,KAAK,CAAC,OAAO,CAAC,CAAC,CAAC,CAAC,OAAO,CAAC,CAAC;yBAC7C;wBACsB,qBAAM,wBAAQ,CAAC,OAAO,CAAC,EAAE,aAAa,EAAE,QAAQ,CAAC,aAAa,EAAE,CAAC,EAAA;;wBAApF,gBAAgB,GAAG,SAAiE;wBACxF,IAAI,gBAAgB,EAAE;4BAClB,MAAM,GAAG,WAAW,CAAC;4BACrB,MAAM,IAAI,KAAK,CAAC,yBAAyB,CAAC,CAAC;yBAC9C;wBACkB,qBAAM,wBAAQ,CAAC,MAAM,CAAC,QAAQ,CAAC,EAAA;;wBAAlD,gBAAgB,GAAG,SAA+B,CAAC;wBACnD,IAAI,CAAC,gBAAgB;4BAAE,MAAM,IAAI,KAAK,CAAC,8CAA8C,CAAC,CAAC;wBACvF,MAAM,GAAG,EAAE,CAAC;wBACZ,OAAO,GAAG,gBAAgB,CAAC,MAAM,EAAE,CAAC;;;;wBAEpC,OAAO,GAAI,IAAY,CAAC,OAAO,CAAC;;4BAEpC,sBAAO;4BACH,MAAM,QAAA;4BACN,OAAO,SAAA;yBACV,EAAA;;;;KACJ;IACmB,gCAAgB,GAApC;;;;4BACW,qBAAM,wBAAQ,CAAC,IAAI,EAAE,EAAA;4BAA5B,sBAAO,SAAqB,EAAC;;;;KAChC;IACmB,+BAAe,GAAnC,UAAoC,GAAQ;;;;;;wBACpC,MAAM,GAAgB,qBAAqB,CAAC;wBAC5C,OAAO,GAAW,EAAE,CAAC;;;;wBAE4C,qBAAM,IAAI,CAAC,gBAAgB,CAAC,GAAG,CAAC,EAAA;;wBAA3F,KAA2D,SAAgC,EAAjF,WAAW,YAAA,EAAW,YAAY,aAAA,EAAE,QAAQ,cAAA;wBAC5D,IAAI,WAAW,KAAK,QAAQ,EAAE;4BAC1B,MAAM,GAAG,WAAW,CAAC;4BACrB,MAAM,IAAI,KAAK,CAAC,YAAY,CAAC,CAAC;yBACjC;wBACD,MAAM,GAAG,EAAE,CAAC;wBACN,aAAa,GAAI,QAAsB,CAAC;wBAC9C,OAAO,GAAG,aAAa,CAAC,QAAQ,EAAE,CAAC;wBACnC,sBAAO;gCACH,MAAM,QAAA;gCACN,OAAO,SAAA;gCACP,QAAQ,UAAA;6BACX,EAAA;;;wBAED,OAAO,GAAI,IAAY,CAAC,OAAO,CAAC;;4BAEpC,sBAAO;4BACH,MAAM,QAAA;4BACN,OAAO,SAAA;yBACV,EAAA;;;;KACJ;IACmB,8BAAc,GAAlC,UAAmC,GAAQ;;;;;;wBACnC,MAAM,GAAgB,qBAAqB,CAAC;wBAC5C,OAAO,GAAW,EAAE,CAAC;;;;wBAErB,IAAI,CAAC,GAAG,EAAE;4BACN,MAAM,GAAG,WAAW,CAAC;4BACrB,MAAM,IAAI,KAAK,CAAC,yBAAyB,CAAC,CAAC;yBAC9C;wBACmB,qBAAM,wBAAQ,CAAC,SAAS,CAAC,EAAE,GAAG,KAAA,EAAE,CAAC,EAAA;;wBAA/C,WAAW,GAAG,SAAiC;wBACrD,IAAI,CAAC,WAAW,EAAE;4BACd,MAAM,GAAG,SAAS,CAAC;4BACnB,MAAM,IAAI,KAAK,CAAC,yBAAyB,CAAC,CAAC;yBAC9C;wBACD,MAAM,GAAG,EAAE,CAAC;wBACZ,OAAO,GAAG,gBAAgB,CAAC;;;;wBAE3B,OAAO,GAAI,IAAY,CAAC,OAAO,CAAC;;4BAEpC,sBAAO;4BACH,MAAM,QAAA;4BACN,OAAO,SAAA;yBACV,EAAA;;;;KACJ;IAEL,sBAAC;AAAD,CAAC,AA/ED,CAA8B,wBAAc,GA+E3C;AACD,kBAAe,eAAe,CAAC","sourcesContent":["import Category, { ICategory, ICategoryInput, validateCategory } from \"../models/category.model\";\r\nimport HTTP_STATUS from \"../../common/HTTP_Enum\";\r\nimport GeneralService from \"./generalService\";\r\n\r\nconst { OK, BAD_REQUEST, CONTINUE, INTERNAL_SERVER_ERROR, NOT_FOUND } = HTTP_STATUS;\r\nclass CategoryService extends GeneralService {\r\n    public static async addCategory(category: ICategoryInput): Promise<{ status: HTTP_STATUS, details: string }> {\r\n        let status: HTTP_STATUS = INTERNAL_SERVER_ERROR;\r\n        let details = \"\";\r\n        try {\r\n            const { error } = validateCategory(category);\r\n            if (error) {\r\n                status = BAD_REQUEST;\r\n                throw new Error(error.details[0].message);\r\n            }\r\n            let insertedCategory = await Category.findOne({ category_name: category.category_name });\r\n            if (insertedCategory) {\r\n                status = BAD_REQUEST;\r\n                throw new Error(\"category is found in db\");\r\n            }\r\n            insertedCategory = await Category.create(category);\r\n            if (!insertedCategory) throw new Error(\"Something happend when insert db into status\");\r\n            status = OK;\r\n            details = insertedCategory.toJSON();\r\n        } catch (ex) {\r\n            details = (ex as Error).message;\r\n        }\r\n        return {\r\n            status,\r\n            details\r\n        }\r\n    }\r\n    public static async getAllCategories(): Promise<ICategory[]> {\r\n        return await Category.find();\r\n    }\r\n    public static async getCategoryById(_id: any): Promise<{ status: HTTP_STATUS, details: string, category?: ICategory }> {\r\n        let status: HTTP_STATUS = INTERNAL_SERVER_ERROR;\r\n        let details: string = \"\";\r\n        try {\r\n            const { status: statusCheck, details: detailsCheck, category } = await this.findCategoryById(_id);\r\n            if (statusCheck !== CONTINUE) {\r\n                status = statusCheck;\r\n                throw new Error(detailsCheck);\r\n            }\r\n            status = OK;\r\n            const categoryAfter = (category as ICategory);\r\n            details = categoryAfter.toString();\r\n            return {\r\n                status,\r\n                details,\r\n                category\r\n            }\r\n        } catch (ex) {\r\n            details = (ex as Error).message;\r\n        }\r\n        return {\r\n            status,\r\n            details\r\n        }\r\n    }\r\n    public static async deleteCategory(_id: any): Promise<{ status: HTTP_STATUS, details: string }> {\r\n        let status: HTTP_STATUS = INTERNAL_SERVER_ERROR;\r\n        let details: string = \"\";\r\n        try {\r\n            if (!_id) {\r\n                status = BAD_REQUEST;\r\n                throw new Error(\"_id is null/ undefined \");\r\n            }\r\n            const deletedItem = await Category.deleteOne({ _id });\r\n            if (!deletedItem) {\r\n                status = NOT_FOUND;\r\n                throw new Error(\"item is not found on DB\");\r\n            }\r\n            status = OK;\r\n            details = \"Succeed delete\";\r\n        } catch (ex) {\r\n            details = (ex as Error).message;\r\n        }\r\n        return {\r\n            status,\r\n            details\r\n        }\r\n    }\r\n\r\n}\r\nexport default CategoryService;"]},"_coverageSchema":"1a1c01bbd47fc00a2c39e90264f33305004495a9","hash":"34577b9c452f0a21f315e8345558030ed9cd2ab9","contentHash":"23a6d8bf93fa3bb1470da6c085e7c2a7d5f50ac4ca6553c2e5ddbfcec5897b30"},"C:\\AmirProjects\\AmirWeb\\Amir_Shop\\server\\src\\db\\services\\generalService.ts":{"path":"C:\\AmirProjects\\AmirWeb\\Amir_Shop\\server\\src\\db\\services\\generalService.ts","statementMap":{"0":{"start":{"line":2,"column":16},"end":{"line":10,"column":1}},"1":{"start":{"line":3,"column":28},"end":{"line":3,"column":110}},"2":{"start":{"line":3,"column":91},"end":{"line":3,"column":106}},"3":{"start":{"line":4,"column":4},"end":{"line":9,"column":7}},"4":{"start":{"line":5,"column":36},"end":{"line":5,"column":97}},"5":{"start":{"line":5,"column":42},"end":{"line":5,"column":70}},"6":{"start":{"line":5,"column":85},"end":{"line":5,"column":95}},"7":{"start":{"line":6,"column":35},"end":{"line":6,"column":100}},"8":{"start":{"line":6,"column":41},"end":{"line":6,"column":73}},"9":{"start":{"line":6,"column":88},"end":{"line":6,"column":98}},"10":{"start":{"line":7,"column":32},"end":{"line":7,"column":116}},"11":{"start":{"line":8,"column":8},"end":{"line":8,"column":78}},"12":{"start":{"line":11,"column":18},"end":{"line":37,"column":1}},"13":{"start":{"line":12,"column":12},"end":{"line":12,"column":104}},"14":{"start":{"line":12,"column":43},"end":{"line":12,"column":68}},"15":{"start":{"line":12,"column":57},"end":{"line":12,"column":68}},"16":{"start":{"line":12,"column":69},"end":{"line":12,"column":81}},"17":{"start":{"line":13,"column":4},"end":{"line":13,"column":157}},"18":{"start":{"line":13,"column":138},"end":{"line":13,"column":150}},"19":{"start":{"line":14,"column":23},"end":{"line":14,"column":68}},"20":{"start":{"line":14,"column":45},"end":{"line":14,"column":65}},"21":{"start":{"line":16,"column":8},"end":{"line":16,"column":70}},"22":{"start":{"line":16,"column":15},"end":{"line":16,"column":70}},"23":{"start":{"line":17,"column":8},"end":{"line":34,"column":66}},"24":{"start":{"line":17,"column":18},"end":{"line":34,"column":66}},"25":{"start":{"line":18,"column":12},"end":{"line":18,"column":169}},"26":{"start":{"line":18,"column":160},"end":{"line":18,"column":169}},"27":{"start":{"line":19,"column":12},"end":{"line":19,"column":52}},"28":{"start":{"line":19,"column":26},"end":{"line":19,"column":52}},"29":{"start":{"line":20,"column":12},"end":{"line":32,"column":13}},"30":{"start":{"line":21,"column":32},"end":{"line":21,"column":39}},"31":{"start":{"line":21,"column":40},"end":{"line":21,"column":46}},"32":{"start":{"line":22,"column":24},"end":{"line":22,"column":34}},"33":{"start":{"line":22,"column":35},"end":{"line":22,"column":72}},"34":{"start":{"line":23,"column":24},"end":{"line":23,"column":34}},"35":{"start":{"line":23,"column":35},"end":{"line":23,"column":45}},"36":{"start":{"line":23,"column":46},"end":{"line":23,"column":55}},"37":{"start":{"line":23,"column":56},"end":{"line":23,"column":65}},"38":{"start":{"line":24,"column":24},"end":{"line":24,"column":41}},"39":{"start":{"line":24,"column":42},"end":{"line":24,"column":55}},"40":{"start":{"line":24,"column":56},"end":{"line":24,"column":65}},"41":{"start":{"line":26,"column":20},"end":{"line":26,"column":128}},"42":{"start":{"line":26,"column":110},"end":{"line":26,"column":116}},"43":{"start":{"line":26,"column":117},"end":{"line":26,"column":126}},"44":{"start":{"line":27,"column":20},"end":{"line":27,"column":106}},"45":{"start":{"line":27,"column":81},"end":{"line":27,"column":97}},"46":{"start":{"line":27,"column":98},"end":{"line":27,"column":104}},"47":{"start":{"line":28,"column":20},"end":{"line":28,"column":89}},"48":{"start":{"line":28,"column":57},"end":{"line":28,"column":72}},"49":{"start":{"line":28,"column":73},"end":{"line":28,"column":80}},"50":{"start":{"line":28,"column":81},"end":{"line":28,"column":87}},"51":{"start":{"line":29,"column":20},"end":{"line":29,"column":87}},"52":{"start":{"line":29,"column":47},"end":{"line":29,"column":62}},"53":{"start":{"line":29,"column":63},"end":{"line":29,"column":78}},"54":{"start":{"line":29,"column":79},"end":{"line":29,"column":85}},"55":{"start":{"line":30,"column":20},"end":{"line":30,"column":42}},"56":{"start":{"line":30,"column":30},"end":{"line":30,"column":42}},"57":{"start":{"line":31,"column":20},"end":{"line":31,"column":33}},"58":{"start":{"line":31,"column":34},"end":{"line":31,"column":43}},"59":{"start":{"line":33,"column":12},"end":{"line":33,"column":39}},"60":{"start":{"line":34,"column":22},"end":{"line":34,"column":34}},"61":{"start":{"line":34,"column":35},"end":{"line":34,"column":41}},"62":{"start":{"line":34,"column":54},"end":{"line":34,"column":64}},"63":{"start":{"line":35,"column":8},"end":{"line":35,"column":35}},"64":{"start":{"line":35,"column":23},"end":{"line":35,"column":35}},"65":{"start":{"line":35,"column":36},"end":{"line":35,"column":89}},"66":{"start":{"line":38,"column":22},"end":{"line":40,"column":1}},"67":{"start":{"line":39,"column":4},"end":{"line":39,"column":62}},"68":{"start":{"line":41,"column":0},"end":{"line":41,"column":62}},"69":{"start":{"line":42,"column":23},"end":{"line":42,"column":75}},"70":{"start":{"line":43,"column":22},"end":{"line":43,"column":73}},"71":{"start":{"line":44,"column":19},"end":{"line":44,"column":67}},"72":{"start":{"line":45,"column":19},"end":{"line":45,"column":69}},"73":{"start":{"line":46,"column":28},"end":{"line":46,"column":85}},"74":{"start":{"line":47,"column":22},"end":{"line":47,"column":73}},"75":{"start":{"line":48,"column":22},"end":{"line":48,"column":73}},"76":{"start":{"line":49,"column":18},"end":{"line":49,"column":68}},"77":{"start":{"line":50,"column":16},"end":{"line":50,"column":45}},"78":{"start":{"line":50,"column":61},"end":{"line":50,"column":92}},"79":{"start":{"line":50,"column":118},"end":{"line":50,"column":159}},"80":{"start":{"line":50,"column":172},"end":{"line":50,"column":200}},"81":{"start":{"line":51,"column":36},"end":{"line":331,"column":3}},"82":{"start":{"line":54,"column":4},"end":{"line":92,"column":6}},"83":{"start":{"line":55,"column":8},"end":{"line":91,"column":11}},"84":{"start":{"line":57,"column":12},"end":{"line":90,"column":15}},"85":{"start":{"line":58,"column":16},"end":{"line":89,"column":17}},"86":{"start":{"line":60,"column":24},"end":{"line":60,"column":55}},"87":{"start":{"line":61,"column":24},"end":{"line":61,"column":37}},"88":{"start":{"line":62,"column":24},"end":{"line":62,"column":37}},"89":{"start":{"line":64,"column":24},"end":{"line":64,"column":50}},"90":{"start":{"line":65,"column":24},"end":{"line":68,"column":25}},"91":{"start":{"line":66,"column":28},"end":{"line":66,"column":49}},"92":{"start":{"line":67,"column":28},"end":{"line":67,"column":71}},"93":{"start":{"line":69,"column":24},"end":{"line":69,"column":80}},"94":{"start":{"line":71,"column":24},"end":{"line":71,"column":41}},"95":{"start":{"line":72,"column":24},"end":{"line":75,"column":25}},"96":{"start":{"line":73,"column":28},"end":{"line":73,"column":47}},"97":{"start":{"line":74,"column":28},"end":{"line":74,"column":71}},"98":{"start":{"line":76,"column":24},"end":{"line":76,"column":42}},"99":{"start":{"line":77,"column":24},"end":{"line":80,"column":31}},"100":{"start":{"line":82,"column":24},"end":{"line":82,"column":41}},"101":{"start":{"line":83,"column":24},"end":{"line":83,"column":47}},"102":{"start":{"line":84,"column":24},"end":{"line":84,"column":48}},"103":{"start":{"line":85,"column":28},"end":{"line":88,"column":27}},"104":{"start":{"line":93,"column":4},"end":{"line":131,"column":6}},"105":{"start":{"line":94,"column":8},"end":{"line":130,"column":11}},"106":{"start":{"line":96,"column":12},"end":{"line":129,"column":15}},"107":{"start":{"line":97,"column":16},"end":{"line":128,"column":17}},"108":{"start":{"line":99,"column":24},"end":{"line":99,"column":55}},"109":{"start":{"line":100,"column":24},"end":{"line":100,"column":37}},"110":{"start":{"line":101,"column":24},"end":{"line":101,"column":37}},"111":{"start":{"line":103,"column":24},"end":{"line":103,"column":50}},"112":{"start":{"line":104,"column":24},"end":{"line":107,"column":25}},"113":{"start":{"line":105,"column":28},"end":{"line":105,"column":49}},"114":{"start":{"line":106,"column":28},"end":{"line":106,"column":71}},"115":{"start":{"line":108,"column":24},"end":{"line":108,"column":84}},"116":{"start":{"line":110,"column":24},"end":{"line":110,"column":45}},"117":{"start":{"line":111,"column":24},"end":{"line":114,"column":25}},"118":{"start":{"line":112,"column":28},"end":{"line":112,"column":47}},"119":{"start":{"line":113,"column":28},"end":{"line":113,"column":75}},"120":{"start":{"line":115,"column":24},"end":{"line":115,"column":42}},"121":{"start":{"line":116,"column":24},"end":{"line":119,"column":31}},"122":{"start":{"line":121,"column":24},"end":{"line":121,"column":41}},"123":{"start":{"line":122,"column":24},"end":{"line":122,"column":47}},"124":{"start":{"line":123,"column":24},"end":{"line":123,"column":48}},"125":{"start":{"line":124,"column":28},"end":{"line":127,"column":27}},"126":{"start":{"line":132,"column":4},"end":{"line":170,"column":6}},"127":{"start":{"line":133,"column":8},"end":{"line":169,"column":11}},"128":{"start":{"line":135,"column":12},"end":{"line":168,"column":15}},"129":{"start":{"line":136,"column":16},"end":{"line":167,"column":17}},"130":{"start":{"line":138,"column":24},"end":{"line":138,"column":55}},"131":{"start":{"line":139,"column":24},"end":{"line":139,"column":37}},"132":{"start":{"line":140,"column":24},"end":{"line":140,"column":37}},"133":{"start":{"line":142,"column":24},"end":{"line":142,"column":50}},"134":{"start":{"line":143,"column":24},"end":{"line":146,"column":25}},"135":{"start":{"line":144,"column":28},"end":{"line":144,"column":49}},"136":{"start":{"line":145,"column":28},"end":{"line":145,"column":71}},"137":{"start":{"line":147,"column":24},"end":{"line":147,"column":80}},"138":{"start":{"line":149,"column":24},"end":{"line":149,"column":41}},"139":{"start":{"line":150,"column":24},"end":{"line":153,"column":25}},"140":{"start":{"line":151,"column":28},"end":{"line":151,"column":47}},"141":{"start":{"line":152,"column":28},"end":{"line":152,"column":74}},"142":{"start":{"line":154,"column":24},"end":{"line":154,"column":42}},"143":{"start":{"line":155,"column":24},"end":{"line":158,"column":31}},"144":{"start":{"line":160,"column":24},"end":{"line":160,"column":41}},"145":{"start":{"line":161,"column":24},"end":{"line":161,"column":47}},"146":{"start":{"line":162,"column":24},"end":{"line":162,"column":48}},"147":{"start":{"line":163,"column":28},"end":{"line":166,"column":27}},"148":{"start":{"line":171,"column":4},"end":{"line":209,"column":6}},"149":{"start":{"line":172,"column":8},"end":{"line":208,"column":11}},"150":{"start":{"line":174,"column":12},"end":{"line":207,"column":15}},"151":{"start":{"line":175,"column":16},"end":{"line":206,"column":17}},"152":{"start":{"line":177,"column":24},"end":{"line":177,"column":55}},"153":{"start":{"line":178,"column":24},"end":{"line":178,"column":37}},"154":{"start":{"line":179,"column":24},"end":{"line":179,"column":37}},"155":{"start":{"line":181,"column":24},"end":{"line":181,"column":50}},"156":{"start":{"line":182,"column":24},"end":{"line":185,"column":25}},"157":{"start":{"line":183,"column":28},"end":{"line":183,"column":49}},"158":{"start":{"line":184,"column":28},"end":{"line":184,"column":71}},"159":{"start":{"line":186,"column":24},"end":{"line":186,"column":83}},"160":{"start":{"line":188,"column":24},"end":{"line":188,"column":44}},"161":{"start":{"line":189,"column":24},"end":{"line":192,"column":25}},"162":{"start":{"line":190,"column":28},"end":{"line":190,"column":47}},"163":{"start":{"line":191,"column":28},"end":{"line":191,"column":74}},"164":{"start":{"line":193,"column":24},"end":{"line":193,"column":42}},"165":{"start":{"line":194,"column":24},"end":{"line":197,"column":31}},"166":{"start":{"line":199,"column":24},"end":{"line":199,"column":41}},"167":{"start":{"line":200,"column":24},"end":{"line":200,"column":47}},"168":{"start":{"line":201,"column":24},"end":{"line":201,"column":48}},"169":{"start":{"line":202,"column":28},"end":{"line":205,"column":27}},"170":{"start":{"line":210,"column":4},"end":{"line":251,"column":6}},"171":{"start":{"line":211,"column":8},"end":{"line":250,"column":11}},"172":{"start":{"line":213,"column":12},"end":{"line":249,"column":15}},"173":{"start":{"line":214,"column":16},"end":{"line":248,"column":17}},"174":{"start":{"line":216,"column":24},"end":{"line":216,"column":55}},"175":{"start":{"line":217,"column":24},"end":{"line":217,"column":37}},"176":{"start":{"line":218,"column":24},"end":{"line":218,"column":37}},"177":{"start":{"line":220,"column":24},"end":{"line":220,"column":50}},"178":{"start":{"line":221,"column":24},"end":{"line":224,"column":25}},"179":{"start":{"line":222,"column":28},"end":{"line":222,"column":49}},"180":{"start":{"line":223,"column":28},"end":{"line":223,"column":71}},"181":{"start":{"line":225,"column":24},"end":{"line":225,"column":89}},"182":{"start":{"line":227,"column":24},"end":{"line":227,"column":50}},"183":{"start":{"line":228,"column":24},"end":{"line":231,"column":25}},"184":{"start":{"line":229,"column":28},"end":{"line":229,"column":47}},"185":{"start":{"line":230,"column":28},"end":{"line":230,"column":80}},"186":{"start":{"line":232,"column":24},"end":{"line":232,"column":54}},"187":{"start":{"line":233,"column":24},"end":{"line":233,"column":59}},"188":{"start":{"line":234,"column":24},"end":{"line":234,"column":42}},"189":{"start":{"line":235,"column":24},"end":{"line":239,"column":31}},"190":{"start":{"line":241,"column":24},"end":{"line":241,"column":41}},"191":{"start":{"line":242,"column":24},"end":{"line":242,"column":47}},"192":{"start":{"line":243,"column":24},"end":{"line":243,"column":48}},"193":{"start":{"line":244,"column":28},"end":{"line":247,"column":27}},"194":{"start":{"line":252,"column":4},"end":{"line":290,"column":6}},"195":{"start":{"line":253,"column":8},"end":{"line":289,"column":11}},"196":{"start":{"line":255,"column":12},"end":{"line":288,"column":15}},"197":{"start":{"line":256,"column":16},"end":{"line":287,"column":17}},"198":{"start":{"line":258,"column":24},"end":{"line":258,"column":55}},"199":{"start":{"line":259,"column":24},"end":{"line":259,"column":37}},"200":{"start":{"line":260,"column":24},"end":{"line":260,"column":37}},"201":{"start":{"line":262,"column":24},"end":{"line":262,"column":50}},"202":{"start":{"line":263,"column":24},"end":{"line":266,"column":25}},"203":{"start":{"line":264,"column":28},"end":{"line":264,"column":49}},"204":{"start":{"line":265,"column":28},"end":{"line":265,"column":71}},"205":{"start":{"line":267,"column":24},"end":{"line":267,"column":83}},"206":{"start":{"line":269,"column":24},"end":{"line":269,"column":44}},"207":{"start":{"line":270,"column":24},"end":{"line":273,"column":25}},"208":{"start":{"line":271,"column":28},"end":{"line":271,"column":47}},"209":{"start":{"line":272,"column":28},"end":{"line":272,"column":74}},"210":{"start":{"line":274,"column":24},"end":{"line":274,"column":42}},"211":{"start":{"line":275,"column":24},"end":{"line":278,"column":31}},"212":{"start":{"line":280,"column":24},"end":{"line":280,"column":41}},"213":{"start":{"line":281,"column":24},"end":{"line":281,"column":47}},"214":{"start":{"line":282,"column":24},"end":{"line":282,"column":48}},"215":{"start":{"line":283,"column":28},"end":{"line":286,"column":27}},"216":{"start":{"line":291,"column":4},"end":{"line":329,"column":6}},"217":{"start":{"line":292,"column":8},"end":{"line":328,"column":11}},"218":{"start":{"line":294,"column":12},"end":{"line":327,"column":15}},"219":{"start":{"line":295,"column":16},"end":{"line":326,"column":17}},"220":{"start":{"line":297,"column":24},"end":{"line":297,"column":55}},"221":{"start":{"line":298,"column":24},"end":{"line":298,"column":37}},"222":{"start":{"line":299,"column":24},"end":{"line":299,"column":37}},"223":{"start":{"line":301,"column":24},"end":{"line":301,"column":50}},"224":{"start":{"line":302,"column":24},"end":{"line":305,"column":25}},"225":{"start":{"line":303,"column":28},"end":{"line":303,"column":49}},"226":{"start":{"line":304,"column":28},"end":{"line":304,"column":71}},"227":{"start":{"line":306,"column":24},"end":{"line":306,"column":83}},"228":{"start":{"line":308,"column":24},"end":{"line":308,"column":44}},"229":{"start":{"line":309,"column":24},"end":{"line":312,"column":25}},"230":{"start":{"line":310,"column":28},"end":{"line":310,"column":47}},"231":{"start":{"line":311,"column":28},"end":{"line":311,"column":74}},"232":{"start":{"line":313,"column":24},"end":{"line":313,"column":42}},"233":{"start":{"line":314,"column":24},"end":{"line":317,"column":31}},"234":{"start":{"line":319,"column":24},"end":{"line":319,"column":41}},"235":{"start":{"line":320,"column":24},"end":{"line":320,"column":47}},"236":{"start":{"line":321,"column":24},"end":{"line":321,"column":48}},"237":{"start":{"line":322,"column":28},"end":{"line":325,"column":27}},"238":{"start":{"line":330,"column":4},"end":{"line":330,"column":26}},"239":{"start":{"line":332,"column":0},"end":{"line":332,"column":33}}},"fnMap":{"0":{"name":"(anonymous_0)","decl":{"start":{"line":2,"column":44},"end":{"line":2,"column":45}},"loc":{"start":{"line":2,"column":89},"end":{"line":10,"column":1}},"line":2},"1":{"name":"adopt","decl":{"start":{"line":3,"column":13},"end":{"line":3,"column":18}},"loc":{"start":{"line":3,"column":26},"end":{"line":3,"column":112}},"line":3},"2":{"name":"(anonymous_2)","decl":{"start":{"line":3,"column":70},"end":{"line":3,"column":71}},"loc":{"start":{"line":3,"column":89},"end":{"line":3,"column":108}},"line":3},"3":{"name":"(anonymous_3)","decl":{"start":{"line":4,"column":36},"end":{"line":4,"column":37}},"loc":{"start":{"line":4,"column":63},"end":{"line":9,"column":5}},"line":4},"4":{"name":"fulfilled","decl":{"start":{"line":5,"column":17},"end":{"line":5,"column":26}},"loc":{"start":{"line":5,"column":34},"end":{"line":5,"column":99}},"line":5},"5":{"name":"rejected","decl":{"start":{"line":6,"column":17},"end":{"line":6,"column":25}},"loc":{"start":{"line":6,"column":33},"end":{"line":6,"column":102}},"line":6},"6":{"name":"step","decl":{"start":{"line":7,"column":17},"end":{"line":7,"column":21}},"loc":{"start":{"line":7,"column":30},"end":{"line":7,"column":118}},"line":7},"7":{"name":"(anonymous_7)","decl":{"start":{"line":11,"column":48},"end":{"line":11,"column":49}},"loc":{"start":{"line":11,"column":73},"end":{"line":37,"column":1}},"line":11},"8":{"name":"(anonymous_8)","decl":{"start":{"line":12,"column":30},"end":{"line":12,"column":31}},"loc":{"start":{"line":12,"column":41},"end":{"line":12,"column":83}},"line":12},"9":{"name":"(anonymous_9)","decl":{"start":{"line":13,"column":125},"end":{"line":13,"column":126}},"loc":{"start":{"line":13,"column":136},"end":{"line":13,"column":152}},"line":13},"10":{"name":"verb","decl":{"start":{"line":14,"column":13},"end":{"line":14,"column":17}},"loc":{"start":{"line":14,"column":21},"end":{"line":14,"column":70}},"line":14},"11":{"name":"(anonymous_11)","decl":{"start":{"line":14,"column":30},"end":{"line":14,"column":31}},"loc":{"start":{"line":14,"column":43},"end":{"line":14,"column":67}},"line":14},"12":{"name":"step","decl":{"start":{"line":15,"column":13},"end":{"line":15,"column":17}},"loc":{"start":{"line":15,"column":22},"end":{"line":36,"column":5}},"line":15},"13":{"name":"(anonymous_13)","decl":{"start":{"line":38,"column":56},"end":{"line":38,"column":57}},"loc":{"start":{"line":38,"column":71},"end":{"line":40,"column":1}},"line":38},"14":{"name":"(anonymous_14)","decl":{"start":{"line":51,"column":36},"end":{"line":51,"column":37}},"loc":{"start":{"line":51,"column":48},"end":{"line":331,"column":1}},"line":51},"15":{"name":"GeneralService","decl":{"start":{"line":52,"column":13},"end":{"line":52,"column":27}},"loc":{"start":{"line":52,"column":30},"end":{"line":53,"column":5}},"line":52},"16":{"name":"(anonymous_16)","decl":{"start":{"line":54,"column":34},"end":{"line":54,"column":35}},"loc":{"start":{"line":54,"column":48},"end":{"line":92,"column":5}},"line":54},"17":{"name":"(anonymous_17)","decl":{"start":{"line":55,"column":47},"end":{"line":55,"column":48}},"loc":{"start":{"line":55,"column":59},"end":{"line":91,"column":9}},"line":55},"18":{"name":"(anonymous_18)","decl":{"start":{"line":57,"column":37},"end":{"line":57,"column":38}},"loc":{"start":{"line":57,"column":51},"end":{"line":90,"column":13}},"line":57},"19":{"name":"(anonymous_19)","decl":{"start":{"line":93,"column":38},"end":{"line":93,"column":39}},"loc":{"start":{"line":93,"column":52},"end":{"line":131,"column":5}},"line":93},"20":{"name":"(anonymous_20)","decl":{"start":{"line":94,"column":47},"end":{"line":94,"column":48}},"loc":{"start":{"line":94,"column":59},"end":{"line":130,"column":9}},"line":94},"21":{"name":"(anonymous_21)","decl":{"start":{"line":96,"column":37},"end":{"line":96,"column":38}},"loc":{"start":{"line":96,"column":51},"end":{"line":129,"column":13}},"line":96},"22":{"name":"(anonymous_22)","decl":{"start":{"line":132,"column":34},"end":{"line":132,"column":35}},"loc":{"start":{"line":132,"column":48},"end":{"line":170,"column":5}},"line":132},"23":{"name":"(anonymous_23)","decl":{"start":{"line":133,"column":47},"end":{"line":133,"column":48}},"loc":{"start":{"line":133,"column":59},"end":{"line":169,"column":9}},"line":133},"24":{"name":"(anonymous_24)","decl":{"start":{"line":135,"column":37},"end":{"line":135,"column":38}},"loc":{"start":{"line":135,"column":51},"end":{"line":168,"column":13}},"line":135},"25":{"name":"(anonymous_25)","decl":{"start":{"line":171,"column":37},"end":{"line":171,"column":38}},"loc":{"start":{"line":171,"column":51},"end":{"line":209,"column":5}},"line":171},"26":{"name":"(anonymous_26)","decl":{"start":{"line":172,"column":47},"end":{"line":172,"column":48}},"loc":{"start":{"line":172,"column":59},"end":{"line":208,"column":9}},"line":172},"27":{"name":"(anonymous_27)","decl":{"start":{"line":174,"column":37},"end":{"line":174,"column":38}},"loc":{"start":{"line":174,"column":51},"end":{"line":207,"column":13}},"line":174},"28":{"name":"(anonymous_28)","decl":{"start":{"line":210,"column":50},"end":{"line":210,"column":51}},"loc":{"start":{"line":210,"column":64},"end":{"line":251,"column":5}},"line":210},"29":{"name":"(anonymous_29)","decl":{"start":{"line":211,"column":47},"end":{"line":211,"column":48}},"loc":{"start":{"line":211,"column":59},"end":{"line":250,"column":9}},"line":211},"30":{"name":"(anonymous_30)","decl":{"start":{"line":213,"column":37},"end":{"line":213,"column":38}},"loc":{"start":{"line":213,"column":51},"end":{"line":249,"column":13}},"line":213},"31":{"name":"(anonymous_31)","decl":{"start":{"line":252,"column":37},"end":{"line":252,"column":38}},"loc":{"start":{"line":252,"column":51},"end":{"line":290,"column":5}},"line":252},"32":{"name":"(anonymous_32)","decl":{"start":{"line":253,"column":47},"end":{"line":253,"column":48}},"loc":{"start":{"line":253,"column":59},"end":{"line":289,"column":9}},"line":253},"33":{"name":"(anonymous_33)","decl":{"start":{"line":255,"column":37},"end":{"line":255,"column":38}},"loc":{"start":{"line":255,"column":51},"end":{"line":288,"column":13}},"line":255},"34":{"name":"(anonymous_34)","decl":{"start":{"line":291,"column":37},"end":{"line":291,"column":38}},"loc":{"start":{"line":291,"column":51},"end":{"line":329,"column":5}},"line":291},"35":{"name":"(anonymous_35)","decl":{"start":{"line":292,"column":47},"end":{"line":292,"column":48}},"loc":{"start":{"line":292,"column":59},"end":{"line":328,"column":9}},"line":292},"36":{"name":"(anonymous_36)","decl":{"start":{"line":294,"column":37},"end":{"line":294,"column":38}},"loc":{"start":{"line":294,"column":51},"end":{"line":327,"column":13}},"line":294}},"branchMap":{"0":{"loc":{"start":{"line":2,"column":16},"end":{"line":10,"column":1}},"type":"binary-expr","locations":[{"start":{"line":2,"column":17},"end":{"line":2,"column":21}},{"start":{"line":2,"column":25},"end":{"line":2,"column":39}},{"start":{"line":2,"column":44},"end":{"line":10,"column":1}}],"line":2},"1":{"loc":{"start":{"line":3,"column":35},"end":{"line":3,"column":109}},"type":"cond-expr","locations":[{"start":{"line":3,"column":56},"end":{"line":3,"column":61}},{"start":{"line":3,"column":64},"end":{"line":3,"column":109}}],"line":3},"2":{"loc":{"start":{"line":4,"column":16},"end":{"line":4,"column":34}},"type":"binary-expr","locations":[{"start":{"line":4,"column":16},"end":{"line":4,"column":17}},{"start":{"line":4,"column":22},"end":{"line":4,"column":33}}],"line":4},"3":{"loc":{"start":{"line":7,"column":32},"end":{"line":7,"column":115}},"type":"cond-expr","locations":[{"start":{"line":7,"column":46},"end":{"line":7,"column":67}},{"start":{"line":7,"column":70},"end":{"line":7,"column":115}}],"line":7},"4":{"loc":{"start":{"line":8,"column":51},"end":{
[...]
line":46,"column":15},"end":{"line":46,"column":32}},"74":{"start":{"line":48,"column":4},"end":{"line":75,"column":7}},"75":{"start":{"line":50,"column":8},"end":{"line":74,"column":11}},"76":{"start":{"line":51,"column":12},"end":{"line":73,"column":13}},"77":{"start":{"line":53,"column":20},"end":{"line":53,"column":70}},"78":{"start":{"line":54,"column":20},"end":{"line":54,"column":158}},"79":{"start":{"line":55,"column":20},"end":{"line":55,"column":56}},"80":{"start":{"line":56,"column":20},"end":{"line":56,"column":60}},"81":{"start":{"line":57,"column":20},"end":{"line":57,"column":95}},"82":{"start":{"line":57,"column":71},"end":{"line":57,"column":95}},"83":{"start":{"line":58,"column":20},"end":{"line":58,"column":33}},"84":{"start":{"line":60,"column":20},"end":{"line":60,"column":46}},"85":{"start":{"line":61,"column":20},"end":{"line":61,"column":190}},"86":{"start":{"line":63,"column":20},"end":{"line":63,"column":43}},"87":{"start":{"line":64,"column":20},"end":{"line":64,"column":129}},"88":{"start":{"line":65,"column":20},"end":{"line":65,"column":54}},"89":{"start":{"line":67,"column":20},"end":{"line":67,"column":37}},"90":{"start":{"line":68,"column":20},"end":{"line":68,"column":78}},"91":{"start":{"line":69,"column":20},"end":{"line":69,"column":44}},"92":{"start":{"line":71,"column":20},"end":{"line":71,"column":108}},"93":{"start":{"line":72,"column":20},"end":{"line":72,"column":42}},"94":{"start":{"line":77,"column":0},"end":{"line":77,"column":28}}},"fnMap":{"0":{"name":"(anonymous_0)","decl":{"start":{"line":2,"column":44},"end":{"line":2,"column":45}},"loc":{"start":{"line":2,"column":89},"end":{"line":10,"column":1}},"line":2},"1":{"name":"adopt","decl":{"start":{"line":3,"column":13},"end":{"line":3,"column":18}},"loc":{"start":{"line":3,"column":26},"end":{"line":3,"column":112}},"line":3},"2":{"name":"(anonymous_2)","decl":{"start":{"line":3,"column":70},"end":{"line":3,"column":71}},"loc":{"start":{"line":3,"column":89},"end":{"line":3,"column":108}},"line":3},"3":{"name":"(anonymous_3)","decl":{"start":{"line":4,"column":36},"end":{"line":4,"column":37}},"loc":{"start":{"line":4,"column":63},"end":{"line":9,"column":5}},"line":4},"4":{"name":"fulfilled","decl":{"start":{"line":5,"column":17},"end":{"line":5,"column":26}},"loc":{"start":{"line":5,"column":34},"end":{"line":5,"column":99}},"line":5},"5":{"name":"rejected","decl":{"start":{"line":6,"column":17},"end":{"line":6,"column":25}},"loc":{"start":{"line":6,"column":33},"end":{"line":6,"column":102}},"line":6},"6":{"name":"step","decl":{"start":{"line":7,"column":17},"end":{"line":7,"column":21}},"loc":{"start":{"line":7,"column":30},"end":{"line":7,"column":118}},"line":7},"7":{"name":"(anonymous_7)","decl":{"start":{"line":11,"column":48},"end":{"line":11,"column":49}},"loc":{"start":{"line":11,"column":73},"end":{"line":37,"column":1}},"line":11},"8":{"name":"(anonymous_8)","decl":{"start":{"line":12,"column":30},"end":{"line":12,"column":31}},"loc":{"start":{"line":12,"column":41},"end":{"line":12,"column":83}},"line":12},"9":{"name":"(anonymous_9)","decl":{"start":{"line":13,"column":125},"end":{"line":13,"column":126}},"loc":{"start":{"line":13,"column":136},"end":{"line":13,"column":152}},"line":13},"10":{"name":"verb","decl":{"start":{"line":14,"column":13},"end":{"line":14,"column":17}},"loc":{"start":{"line":14,"column":21},"end":{"line":14,"column":70}},"line":14},"11":{"name":"(anonymous_11)","decl":{"start":{"line":14,"column":30},"end":{"line":14,"column":31}},"loc":{"start":{"line":14,"column":43},"end":{"line":14,"column":67}},"line":14},"12":{"name":"step","decl":{"start":{"line":15,"column":13},"end":{"line":15,"column":17}},"loc":{"start":{"line":15,"column":22},"end":{"line":36,"column":5}},"line":15},"13":{"name":"(anonymous_13)","decl":{"start":{"line":38,"column":56},"end":{"line":38,"column":57}},"loc":{"start":{"line":38,"column":71},"end":{"line":40,"column":1}},"line":38},"14":{"name":"default_1","decl":{"start":{"line":47,"column":9},"end":{"line":47,"column":18}},"loc":{"start":{"line":47,"column":21},"end":{"line":76,"column":1}},"line":47},"15":{"name":"(anonymous_15)","decl":{"start":{"line":48,"column":43},"end":{"line":48,"column":44}},"loc":{"start":{"line":48,"column":55},"end":{"line":75,"column":5}},"line":48},"16":{"name":"(anonymous_16)","decl":{"start":{"line":50,"column":33},"end":{"line":50,"column":34}},"loc":{"start":{"line":50,"column":47},"end":{"line":74,"column":9}},"line":50}},"branchMap":{"0":{"loc":{"start":{"line":2,"column":16},"end":{"line":10,"column":1}},"type":"binary-expr","locations":[{"start":{"line":2,"column":17},"end":{"line":2,"column":21}},{"start":{"line":2,"column":25},"end":{"line":2,"column":39}},{"start":{"line":2,"column":44},"end":{"line":10,"column":1}}],"line":2},"1":{"loc":{"start":{"line":3,"column":35},"end":{"line":3,"column":109}},"type":"cond-expr","locations":[{"start":{"line":3,"column":56},"end":{"line":3,"column":61}},{"start":{"line":3,"column":64},"end":{"line":3,"column":109}}],"line":3},"2":{"loc":{"start":{"line":4,"column":16},"end":{"line":4,"column":34}},"type":"binary-expr","locations":[{"start":{"line":4,"column":16},"end":{"line":4,"column":17}},{"start":{"line":4,"column":22},"end":{"line":4,"column":33}}],"line":4},"3":{"loc":{"start":{"line":7,"column":32},"end":{"line":7,"column":115}},"type":"cond-expr","locations":[{"start":{"line":7,"column":46},"end":{"line":7,"column":67}},{"start":{"line":7,"column":70},"end":{"line":7,"column":115}}],"line":7},"4":{"loc":{"start":{"line":8,"column":51},"end":{"line":8,"column":67}},"type":"binary-expr","locations":[{"start":{"line":8,"column":51},"end":{"line":8,"column":61}},{"start":{"line":8,"column":65},"end":{"line":8,"column":67}}],"line":8},"5":{"loc":{"start":{"line":11,"column":18},"end":{"line":37,"column":1}},"type":"binary-expr","locations":[{"start":{"line":11,"column":19},"end":{"line":11,"column":23}},{"start":{"line":11,"column":27},"end":{"line":11,"column":43}},{"start":{"line":11,"column":48},"end":{"line":37,"column":1}}],"line":11},"6":{"loc":{"start":{"line":12,"column":43},"end":{"line":12,"column":68}},"type":"if","locations":[{"start":{"line":12,"column":43},"end":{"line":12,"column":68}},{"start":{"line":12,"column":43},"end":{"line":12,"column":68}}],"line":12},"7":{"loc":{"start":{"line":13,"column":71},"end":{"line":13,"column":153}},"type":"binary-expr","locations":[{"start":{"line":13,"column":71},"end":{"line":13,"column":99}},{"start":{"line":13,"column":104},"end":{"line":13,"column":152}}],"line":13},"8":{"loc":{"start":{"line":16,"column":8},"end":{"line":16,"column":70}},"type":"if","locations":[{"start":{"line":16,"column":8},"end":{"line":16,"column":70}},{"start":{"line":16,"column":8},"end":{"line":16,"column":70}}],"line":16},"9":{"loc":{"start":{"line":18,"column":12},"end":{"line":18,"column":169}},"type":"if","locations":[{"start":{"line":18,"column":12},"end":{"line":18,"column":169}},{"start":{"line":18,"column":12},"end":{"line":18,"column":169}}],"line":18},"10":{"loc":{"start":{"line":18,"column":23},"end":{"line":18,"column":158}},"type":"binary-expr","locations":[{"start":{"line":18,"column":23},"end":{"line":18,"column":24}},{"start":{"line":18,"column":29},"end":{"line":18,"column":125}},{"start":{"line":18,"column":130},"end":{"line":18,"column":158}}],"line":18},"11":{"loc":{"start":{"line":18,"column":33},"end":{"line":18,"column":125}},"type":"cond-expr","locations":[{"start":{"line":18,"column":45},"end":{"line":18,"column":56}},{"start":{"line":18,"column":59},"end":{"line":18,"column":125}}],"line":18},"12":{"loc":{"start":{"line":18,"column":59},"end":{"line":18,"column":125}},"type":"cond-expr","locations":[{"start":{"line":18,"column":67},"end":{"line":18,"column":116}},{"start":{"line":18,"column":119},"end":{"line":18,"column":125}}],"line":18},"13":{"loc":{"start":{"line":18,"column":67},"end":{"line":18,"column":116}},"type":"binary-expr","locations":[{"start":{"line":18,"column":67},"end":{"line":18,"column":77}},{"start":{"line":18,"column":82},"end":{"line":18,"column":115}}],"line":18},"14":{"loc":{"start":{"line":18,"column":82},"end":{"line":18,"column":112}},"type":"binary-expr","locations":[{"start":{"line":18,"column":83},"end":{"line":18,"column":98}},{"start":{"line":18,"column":103},"end":{"line":18,"column":112}}],"line":18},"15":{"loc":{"start":{"line":19,"column":12},"end":{"line":19,"column":52}},"type":"if","locations":[{"start":{"line":19,"column":12},"end":{"line":19,"column":52}},{"start":{"line":19,"column":12},"end":{"line":19,"column":52}}],"line":19},"16":{"loc":{"start":{"line":20,"column":12},"end":{"line":32,"column":13}},"type":"switch","locations":[{"start":{"line":21,"column":16},"end":{"line":21,"column":23}},{"start":{"line":21,"column":24},"end":{"line":21,"column":46}},{"start":{"line":22,"column":16},"end":{"line":22,"column":72}},{"start":{"line":23,"column":16},"end":{"line":23,"column":65}},{"start":{"line":24,"column":16},"end":{"line":24,"column":65}},{"start":{"line":25,"column":16},"end":{"line":31,"column":43}}],"line":20},"17":{"loc":{"start":{"line":26,"column":20},"end":{"line":26,"column":128}},"type":"if","locations":[{"start":{"line":26,"column":20},"end":{"line":26,"column":128}},{"start":{"line":26,"column":20},"end":{"line":26,"column":128}}],"line":26},"18":{"loc":{"start":{"line":26,"column":24},"end":{"line":26,"column":106}},"type":"binary-expr","locations":[{"start":{"line":26,"column":24},"end":{"line":26,"column":74}},{"start":{"line":26,"column":79},"end":{"line":26,"column":90}},{"start":{"line":26,"column":94},"end":{"line":26,"column":105}}],"line":26},"19":{"loc":{"start":{"line":26,"column":42},"end":{"line":26,"column":73}},"type":"binary-expr","locations":[{"start":{"line":26,"column":42},"end":{"line":26,"column":54}},{"start":{"line":26,"column":58},"end":{"line":26,"column":73}}],"line":26},"20":{"loc":{"start":{"line":27,"column":20},"end":{"line":27,"column":106}},"type":"if","locations":[{"start":{"line":27,"column":20},"end":{"line":27,"column":106}},{"start":{"line":27,"column":20},"end":{"line":27,"column":106}}],"line":27},"21":{"loc":{"start":{"line":27,"column":24},"end":{"line":27,"column":77}},"type":"binary-expr","locations":[{"start":{"line":27,"column":24},"end":{"line":27,"column":35}},{"start":{"line":27,"column":40},"end":{"line":27,"column":42}},{"start":{"line":27,"column":47},"end":{"line":27,"column":59}},{"start":{"line":27,"column":63},"end":{"line":27,"column":75}}],"line":27},"22":{"loc":{"start":{"line":28,"column":20},"end":{"line":28,"column":89}},"type":"if","locations":[{"start":{"line":28,"column":20},"end":{"line":28,"column":89}},{"start":{"line":28,"column":20},"end":{"line":28,"column":89}}],"line":28},"23":{"loc":{"start":{"line":28,"column":24},"end":{"line":28,"column":53}},"type":"binary-expr","locations":[{"start":{"line":28,"column":24},"end":{"line":28,"column":35}},{"start":{"line":28,"column":39},"end":{"line":28,"column":53}}],"line":28},"24":{"loc":{"start":{"line":29,"column":20},"end":{"line":29,"column":87}},"type":"if","locations":[{"start":{"line":29,"column":20},"end":{"line":29,"column":87}},{"start":{"line":29,"column":20},"end":{"line":29,"column":87}}],"line":29},"25":{"loc":{"start":{"line":29,"column":24},"end":{"line":29,"column":43}},"type":"binary-expr","locations":[{"start":{"line":29,"column":24},"end":{"line":29,"column":25}},{"start":{"line":29,"column":29},"end":{"line":29,"column":43}}],"line":29},"26":{"loc":{"start":{"line":30,"column":20},"end":{"line":30,"column":42}},"type":"if","locations":[{"start":{"line":30,"column":20},"end":{"line":30,"column":42}},{"start":{"line":30,"column":20},"end":{"line":30,"column":42}}],"line":30},"27":{"loc":{"start":{"line":35,"column":8},"end":{"line":35,"column":35}},"type":"if","locations":[{"start":{"line":35,"column":8},"end":{"line":35,"column":35}},{"start":{"line":35,"column":8},"end":{"line":35,"column":35}}],"line":35},"28":{"loc":{"start":{"line":35,"column":52},"end":{"line":35,"column":74}},"type":"cond-expr","locations":[{"start":{"line":35,"column":60},"end":{"line":35,"column":65}},{"start":{"line":35,"column":68},"end":{"line":35,"column":74}}],"line":35},"29":{"loc":{"start":{"line":38,"column":22},"end":{"line":40,"column":1}},"type":"binary-expr","locations":[{"start":{"line":38,"column":23},"end":{"line":38,"column":27}},{"start":{"line":38,"column":31},"end":{"line":38,"column":51}},{"start":{"line":38,"column":56},"end":{"line":40,"column":1}}],"line":38},"30":{"loc":{"start":{"line":39,"column":11},"end":{"line":39,"column":61}},"type":"cond-expr","locations":[{"start":{"line":39,"column":37},"end":{"line":39,"column":40}},{"start":{"line":39,"column":43},"end":{"line":39,"column":61}}],"line":39},"31":{"loc":{"start":{"line":39,"column":12},"end":{"line":39,"column":33}},"type":"binary-expr","locations":[{"start":{"line":39,"column":12},"end":{"line":39,"column":15}},{"start":{"line":39,"column":19},"end":{"line":39,"column":33}}],"line":39},"32":{"loc":{"start":{"line":51,"column":12},"end":{"line":73,"column":13}},"type":"switch","locations":[{"start":{"line":52,"column":16},"end":{"line":58,"column":33}},{"start":{"line":59,"column":16},"end":{"line":61,"column":190}},{"start":{"line":62,"column":16},"end":{"line":65,"column":54}},{"start":{"line":66,"column":16},"end":{"line":69,"column":44}},{"start":{"line":70,"column":16},"end":{"line":72,"column":42}}],"line":51},"33":{"loc":{"start":{"line":54,"column":35},"end":{"line":54,"column":157}},"type":"cond-expr","locations":[{"start":{"line":54,"column":69},"end":{"line":54,"column":114}},{"start":{"line":54,"column":117},"end":{"line":54,"column":157}}],"line":54},"34":{"loc":{"start":{"line":57,"column":20},"end":{"line":57,"column":95}},"type":"if","locations":[{"start":{"line":57,"column":20},"end":{"line":57,"column":95}},{"start":{"line":57,"column":20},"end":{"line":57,"column":95}}],"line":57}},"s":{"0":1,"1":1,"2":0,"3":1,"4":1,"5":1,"6":0,"7":0,"8":0,"9":0,"10":2,"11":1,"12":1,"13":1,"14":1,"15":0,"16":1,"17":1,"18":0,"19":3,"20":2,"21":2,"22":0,"23":2,"24":5,"25":5,"26":0,"27":5,"28":0,"29":5,"30":2,"31":2,"32":1,"33":1,"34":0,"35":0,"36":0,"37":0,"38":0,"39":0,"40":0,"41":2,"42":1,"43":1,"44":1,"45":0,"46":0,"47":1,"48":0,"49":0,"50":0,"51":1,"52":0,"53":0,"54":0,"55":1,"56":0,"57":1,"58":1,"59":2,"60":0,"61":0,"62":5,"63":1,"64":0,"65":1,"66":1,"67":4,"68":1,"69":1,"70":1,"71":1,"72":1,"73":1,"74":1,"75":1,"76":2,"77":1,"78":1,"79":1,"80":1,"81":1,"82":0,"83":1,"84":1,"85":1,"86":1,"87":1,"88":1,"89":0,"90":0,"91":0,"92":0,"93":0,"94":1},"f":{"0":1,"1":1,"2":0,"3":1,"4":1,"5":0,"6":2,"7":1,"8":1,"9":0,"10":3,"11":2,"12":2,"13":4,"14":1,"15":1,"16":2},"b":{"0":[1,1,1],"1":[1,0],"2":[1,1],"3":[1,1],"4":[1,1],"5":[1,1,1],"6":[0,1],"7":[1,1],"8":[0,2],"9":[0,5],"10":[5,0,0],"11":[0,0],"12":[0,0],"13":[0,0],"14":[0,0],"15":[0,5],"16":[2,2,1,0,0,2],"17":[1,1],"18":[2,1,1],"19":[2,1],"20":[0,1],"21":[1,0,0,0],"22":[0,1],"23":[1,0],"24":[0,1],"25":[1,1],"26":[0,1],"27":[0,1],"28":[1,0],"29":[1,1,1],"30":[1,3],"31":[4,4],"32":[1,1,1,0,0],"33":[1,0],"34":[0,1]},"inputSourceMap":{"version":3,"file":"C:/AmirProjects/AmirWeb/Amir_Shop/server/src/db/startup/dbconnection.ts","sources":["C:/AmirProjects/AmirWeb/Amir_Shop/server/src/db/startup/dbconnection.ts"],"names":[],"mappings":";;;;;;;;;;;;;;;;;;;;;;;;;;;;;;;;;;;;;;;;;AAAA,sDAAgC;AAChC,gEAA2C;AAC3C,8CAAwB;AACxB,yEAAkD;AAClD,iCAAgC;AAChC;;;;;;oBACU,WAAW,GAAG,qBAAU,CAAC,aAAa,CAAC;oBACvC,YAAY,GAAW,OAAO,CAAC,GAAG,CAAC,QAAQ,KAAK,MAAM,CAAC,CAAC,CAAC,cAAI,CAAC,IAAI,CAAC,WAAW,EAAE,WAAW,CAAC,CAAC,CAAC,CAAC,cAAI,CAAC,IAAI,CAAC,WAAW,EAAE,MAAM,CAAC,CAAA;oBACnI,gBAAO,CAAC,IAAI,CAAC,YAAY,CAAC,CAAC;oBAC3B,eAAM,CAAC,EAAE,IAAI,EAAE,YAAY,EAAE,CAAC,CAAC;yBAC3B,CAAA,OAAO,OAAO,CAAC,GAAG,CAAC,OAAO,KAAK,WAAW,CAAA,EAA1C,wBAA0C;;;;oBAEnB,qBAAM,kBAAQ,CAAC,OAAO,CAAC,OAAO,CAAC,GAAG,CAAC,OAAO,EAAE,EAAE,eAAe,EAAE,IAAI,EAAE,kBAAkB,EAAE,IAAI,EAAE,cAAc,EAAE,IAAI,EAAE,gBAAgB,EAAE,KAAK,EAAE,CAAC,EAAA;;oBAA5J,UAAU,GAAG,SAA+I;oBAClK,gBAAO,CAAC,IAAI,CAAC,kBAAgB,OAAO,CAAC,GAAG,CAAC,OAAO,YAAO,OAAO,CAAC,GAAG,CAAC,QAAQ,gBAAa,CAAC,CAAC;oBAC1F,sBAAO,UAAU,EAAC;;;oBAElB,gBAAO,CAAC,KAAK,CAAC,qBAAoB,IAAY,CAAC,OAAS,CAAC,CAAC;;;oBAGlE,gBAAO,CAAC,KAAK,CAAC,+DAA+D,CAAC,CAAC;;;;;CAClF;AAfD,4BAeC","sourcesContent":["import mongoose from 'mongoose';\r\nimport winston from '../../startup/logger';\r\nimport path from \"path\";\r\nimport configJson from \"../../common/config.json\";\r\nimport { config } from 'dotenv';\r\nexport default async function () {\r\n    const regularPath = configJson.urlForDotEnvs;\r\n    const absoultePath: string = process.env.NODE_ENV === 'test' ? path.join(regularPath, '.test.env') : path.join(regularPath, '.env')\r\n    winston.info(absoultePath);\r\n    config({ path: absoultePath });\r\n    if (typeof process.env.DB_PATH !== 'undefined') {\r\n        try {\r\n            const connection = await mongoose.connect(process.env.DB_PATH, { useNewUrlParser: true, useUnifiedTopology: true, useCreateIndex: true, useFindAndModify: false });\r\n            winston.info(`Connected to ${process.env.DB_PATH} in ${process.env.NODE_ENV} enviroment`);\r\n            return connection;\r\n        } catch (ex) {\r\n            winston.error(` Can't connect  ${(ex as Error).message}`);\r\n        }\r\n    }\r\n    winston.error(`Can't connect, please check .env files/ enviromnent variables`);\r\n}"]},"_coverageSchema":"1a1c01bbd47fc00a2c39e90264f33305004495a9","hash":"a3a84aca24a3f8c6126a64d51ff7a8ffcbb471f3","contentHash":"d62ee738ac01ce19b53a12638a58a36a1f34c188682cf55223a255a539b11ba3"},"C:\\AmirProjects\\AmirWeb\\Amir_Shop\\server\\src\\startup\\logger.ts":{"path":"C:\\AmirProjects\\AmirWeb\\Amir_Shop\\server\\src\\startup\\logger.ts","statementMap":{"0":{"start":{"line":2,"column":0},"end":{"line":2,"column":62}},"1":{"start":{"line":3,"column":16},"end":{"line":3,"column":34}},"2":{"start":{"line":4,"column":0},"end":{"line":4,"column":32}},"3":{"start":{"line":5,"column":12},"end":{"line":5,"column":34}},"4":{"start":{"line":5,"column":46},"end":{"line":5,"column":70}},"5":{"start":{"line":5,"column":84},"end":{"line":5,"column":110}},"6":{"start":{"line":5,"column":126},"end":{"line":5,"column":154}},"7":{"start":{"line":6,"column":13},"end":{"line":14,"column":2}},"8":{"start":{"line":15,"column":0},"end":{"line":15,"column":25}}},"fnMap":{},"branchMap":{},"s":{"0":1,"1":1,"2":1,"3":1,"4":1,"5":1,"6":1,"7":1,"8":1},"f":{},"b":{},"inputSourceMap":{"version":3,"file":"C:/AmirProjects/AmirWeb/Amir_Shop/server/src/startup/logger.ts","sources":["C:/AmirProjects/AmirWeb/Amir_Shop/server/src/startup/logger.ts"],"names":[],"mappings":";;AAAA,mCAAsF;AAEtF,gCAA8B;AACtB,IAAA,8BAAK,EAAE,kCAAO,EAAE,sCAAS,EAAE,0CAAW,CAAY;AAC1D,IAAM,MAAM,GAAG,sBAAY,CAAC;IACxB,MAAM,EAAE,OAAO,CACX,SAAS,EAAE,EACX,WAAW,EAAE,CAChB;IACD,UAAU,EAAE;QACR,IAAI,oBAAU,CAAC,OAAO,EAAE;QACxB,IAAI,oBAAU,CAAC,IAAI,CAAC,EAAE,QAAQ,EAAE,aAAa,EAAE,KAAK,EAAE,OAAO,EAAE,CAAC;QAChE,IAAI,oBAAU,CAAC,IAAI,CAAC,EAAE,QAAQ,EAAE,YAAY,EAAE,KAAK,EAAE,MAAM,EAAE,CAAC;KACjE;IACD,WAAW,EAAE,KAAK;CACrB,CAAC,CAAC;AACH,kBAAe,MAAM,CAAC","sourcesContent":["import winston, { ExceptionHandler, createLogger, format, transports } from \"winston\";\r\n\r\nimport 'express-async-errors';\r\nconst { label, combine, timestamp, prettyPrint } = format;\r\nconst logger = createLogger({\r\n    format: combine(\r\n        timestamp(),\r\n        prettyPrint(),\r\n    ),\r\n    transports: [\r\n        new transports.Console(),\r\n        new transports.File({ filename: './error.log', level: 'error' }),\r\n        new transports.File({ filename: './info.log', level: 'info' }),\r\n    ],\r\n    exitOnError: false,\r\n});\r\nexport default logger;"]},"_coverageSchema":"1a1c01bbd47fc00a2c39e90264f33305004495a9","hash":"6b4068e6ab191a4aca4ce489b2cd54d13cd348d9","contentHash":"6fa7b32a54ecf44f9fd5724f45d15437eaa6da458d1fac0018f56cd1edbc8962"}}